2024-04-26 14:35:01:911 [Appium] Welcome to Appium v2.2.3
2024-04-26 14:35:01:913 [Appium] Non-default server args:
2024-04-26 14:35:01:915 [Appium] { port: 11515, sessionOverride: true }
2024-04-26 14:35:01:916 [Appium] Attempting to load driver xcuitest...
2024-04-26 14:35:01:917 [Appium] Requiring driver at /Users/mac/.appium/node_modules/appium-xcuitest-driver
2024-04-26 14:35:02:749 [Appium] Attempting to load driver uiautomator2...
2024-04-26 14:35:02:750 [Appium] Requiring driver at /Users/mac/.appium/node_modules/appium-uiautomator2-driver
2024-04-26 14:35:03:532 [Appium] Appium REST http interface listener started on http://0.0.0.0:11515
2024-04-26 14:35:03:533 [Appium] You can provide the following URLs in your client code to connect to this server:
2024-04-26 14:35:03:533 [Appium] 	http://127.0.0.1:11515/ (only accessible from the same host)
2024-04-26 14:35:03:533 [Appium] 	http://192.168.29.34:11515/
2024-04-26 14:35:03:533 [Appium] 	http://192.168.220.116:11515/
2024-04-26 14:35:03:534 [Appium] Available drivers:
2024-04-26 14:35:03:534 [Appium]   - xcuitest@5.12.0 (automationName 'XCUITest')
2024-04-26 14:35:03:534 [Appium]   - uiautomator2@2.34.2 (automationName 'UiAutomator2')
2024-04-26 14:35:03:534 [Appium] Available plugins:
2024-04-26 14:35:03:534 [Appium]   - gestures@4.0.1
2024-04-26 14:35:03:535 [Appium] No plugins activated. Use the --use-plugins flag with names of plugins to activate
2024-04-26 14:35:03:767 [HTTP] --> GET /status
2024-04-26 14:35:03:767 [HTTP] {}
2024-04-26 14:35:03:768 [AppiumDriver@034d] Calling AppiumDriver.getStatus() with args: []
2024-04-26 14:35:03:770 [AppiumDriver@034d] Responding to client with driver.getStatus() result: {"ready":true,"message":"The server is ready to accept new connections","build":{"version":"2.2.3"}}
2024-04-26 14:35:03:773 [HTTP] <-- GET /status 200 5 ms - 110
2024-04-26 14:35:03:773 [HTTP] 
2024-04-26 14:35:03:778 [HTTP] --> GET /status
2024-04-26 14:35:03:778 [HTTP] {}
2024-04-26 14:35:03:778 [AppiumDriver@034d] Calling AppiumDriver.getStatus() with args: []
2024-04-26 14:35:03:779 [AppiumDriver@034d] Responding to client with driver.getStatus() result: {"ready":true,"message":"The server is ready to accept new connections","build":{"version":"2.2.3"}}
2024-04-26 14:35:03:780 [HTTP] <-- GET /status 200 1 ms - 110
2024-04-26 14:35:03:780 [HTTP] 
2024-04-26 14:35:04:127 [HTTP] Request idempotency key: cb89ec1e-15b4-4f11-8ad4-119890c32e3e
2024-04-26 14:35:04:138 [HTTP] --> POST /session
2024-04-26 14:35:04:138 [HTTP] {"capabilities":{"firstMatch":[{}],"alwaysMatch":{"appium:noReset":"false","appium:udid":"emulator-5554","appium:autoGrantPermissions":"true","appium:automationName":"UiAutomator2","appium:resetKeyboard":true,"appium:systemPort":"10000","appium:app":"/Users/mac/IdeaProjects/eclinicalmobileautomation/src/test/resources/apps/eClinicalMobile_prod_7.0.4.apk","appium:unicodeKeyboard":true,"appium:chromeDriverPort":"11000","platformName":"ANDROID"}}}
2024-04-26 14:35:04:138 [AppiumDriver@034d] Calling AppiumDriver.createSession() with args: [null,null,{"firstMatch":[{}],"alwaysMatch":{"appium:noReset":"false","appium:udid":"emulator-5554","appium:autoGrantPermissions":"true","appium:automationName":"UiAutomator2","appium:resetKeyboard":true,"appium:systemPort":"10000","appium:app":"/Users/mac/IdeaProjects/eclinicalmobileautomation/src/test/resources/apps/eClinicalMobile_prod_7.0.4.apk","appium:unicodeKeyboard":true,"appium:chromeDriverPort":"11000","platformName":"ANDROID"}}]
2024-04-26 14:35:04:139 [AppiumDriver@034d] Event 'newSessionRequested' logged at 1714142104139 (20:05:04 GMT+0530 (India Standard Time))
2024-04-26 14:35:04:141 [Appium] Attempting to find matching driver for automationName 'UiAutomator2' and platformName 'ANDROID'
2024-04-26 14:35:04:142 [Appium] The 'uiautomator2' driver was installed and matched caps.
2024-04-26 14:35:04:142 [Appium] Will require it at /Users/mac/.appium/node_modules/appium-uiautomator2-driver
2024-04-26 14:35:04:142 [Appium] Requiring driver at /Users/mac/.appium/node_modules/appium-uiautomator2-driver
2024-04-26 14:35:04:142 [AppiumDriver@034d] Appium v2.2.3 creating new AndroidUiautomator2Driver (v2.34.2) session
2024-04-26 14:35:04:142 [AppiumDriver@034d] Checking BaseDriver versions for Appium and AndroidUiautomator2Driver
2024-04-26 14:35:04:142 [AppiumDriver@034d] Appium's BaseDriver version is 9.4.3
2024-04-26 14:35:04:142 [AppiumDriver@034d] AndroidUiautomator2Driver's BaseDriver version is 9.4.3
2024-04-26 14:35:04:143 [AppiumDriver@034d] There are no active sessions for cleanup
2024-04-26 14:35:04:146 [AndroidUiautomator2Driver@e2b9] Creating session with W3C capabilities: {
2024-04-26 14:35:04:146 [AndroidUiautomator2Driver@e2b9]   "alwaysMatch": {
2024-04-26 14:35:04:146 [AndroidUiautomator2Driver@e2b9]     "platformName": "ANDROID",
2024-04-26 14:35:04:146 [AndroidUiautomator2Driver@e2b9]     "appium:noReset": "false",
2024-04-26 14:35:04:146 [AndroidUiautomator2Driver@e2b9]     "appium:udid": "emulator-5554",
2024-04-26 14:35:04:146 [AndroidUiautomator2Driver@e2b9]     "appium:autoGrantPermissions": "true",
2024-04-26 14:35:04:146 [AndroidUiautomator2Driver@e2b9]     "appium:automationName": "UiAutomator2",
2024-04-26 14:35:04:146 [AndroidUiautomator2Driver@e2b9]     "appium:resetKeyboard": true,
2024-04-26 14:35:04:146 [AndroidUiautomator2Driver@e2b9]     "appium:systemPort": "10000",
2024-04-26 14:35:04:146 [AndroidUiautomator2Driver@e2b9]     "appium:app": "/Users/mac/IdeaProjects/eclinicalmobileautomation/src/test/resources/apps/eClinicalMobile_prod_7.0.4.apk",
2024-04-26 14:35:04:146 [AndroidUiautomator2Driver@e2b9]     "appium:unicodeKeyboard": true,
2024-04-26 14:35:04:146 [AndroidUiautomator2Driver@e2b9]     "appium:chromeDriverPort": "11000"
2024-04-26 14:35:04:146 [AndroidUiautomator2Driver@e2b9]   },
2024-04-26 14:35:04:146 [AndroidUiautomator2Driver@e2b9]   "firstMatch": [
2024-04-26 14:35:04:147 [AndroidUiautomator2Driver@e2b9]     {}
2024-04-26 14:35:04:147 [AndroidUiautomator2Driver@e2b9]   ]
2024-04-26 14:35:04:147 [AndroidUiautomator2Driver@e2b9] }
2024-04-26 14:35:04:148 [BaseDriver] Number capability passed in as string. Functionality may be compromised.
2024-04-26 14:35:04:150 [AndroidUiautomator2Driver@e2b9] Capability 'noReset' changed from string to boolean. This may cause unexpected behavior
2024-04-26 14:35:04:150 [AndroidUiautomator2Driver@e2b9] Capability 'autoGrantPermissions' changed from string to boolean. This may cause unexpected behavior
2024-04-26 14:35:04:150 [AndroidUiautomator2Driver@e2b9] Capability 'systemPort' changed from string ('10000') to integer (10000). This may cause unexpected behavior
2024-04-26 14:35:04:152 [AndroidUiautomator2Driver@e2b9] The following provided capabilities were not recognized by this driver:
2024-04-26 14:35:04:152 [AndroidUiautomator2Driver@e2b9]   resetKeyboard
2024-04-26 14:35:04:152 [AndroidUiautomator2Driver@e2b9]   chromeDriverPort
2024-04-26 14:35:04:152 [AndroidUiautomator2Driver@e2b9 (6bdbf694)] Session created with session id: 6bdbf694-34f1-4d69-9cb5-b66538a92217
2024-04-26 14:35:04:154 [BaseDriver] Using local app '/Users/mac/IdeaProjects/eclinicalmobileautomation/src/test/resources/apps/eClinicalMobile_prod_7.0.4.apk'
2024-04-26 14:35:04:334 [AndroidUiautomator2Driver@e2b9 (6bdbf694)] Checking whether app is actually present
2024-04-26 14:35:04:345 [ADB] Found 1 'build-tools' folders under '/Users/mac/Library/Android/sdk' (newest first):
2024-04-26 14:35:04:345 [ADB]     /Users/mac/Library/Android/sdk/build-tools/34.0.0
2024-04-26 14:35:04:345 [ADB] Using 'adb' from '/Users/mac/Library/Android/sdk/platform-tools/adb'
2024-04-26 14:35:04:346 [ADB] Running '/Users/mac/Library/Android/sdk/platform-tools/adb -P 5037 start-server'
2024-04-26 14:35:04:368 [AndroidDriver] Retrieving device list
2024-04-26 14:35:04:368 [ADB] Trying to find connected Android devices
2024-04-26 14:35:04:368 [ADB] Getting connected devices
2024-04-26 14:35:04:388 [ADB] Connected devices: [{"udid":"emulator-5554","state":"device"}]
2024-04-26 14:35:04:388 [AndroidDriver] Using device: emulator-5554
2024-04-26 14:35:04:389 [ADB] Using 'adb' from '/Users/mac/Library/Android/sdk/platform-tools/adb'
2024-04-26 14:35:04:389 [ADB] Running '/Users/mac/Library/Android/sdk/platform-tools/adb -P 5037 start-server'
2024-04-26 14:35:04:406 [ADB] Setting device id to emulator-5554
2024-04-26 14:35:04:407 [ADB] Running '/Users/mac/Library/Android/sdk/platform-tools/adb -P 5037 -s emulator-5554 shell getprop ro.build.version.sdk'
2024-04-26 14:35:04:477 [ADB] Current device property 'ro.build.version.sdk': 34
2024-04-26 14:35:04:478 [ADB] Getting device platform version
2024-04-26 14:35:04:478 [ADB] Running '/Users/mac/Library/Android/sdk/platform-tools/adb -P 5037 -s emulator-5554 shell getprop ro.build.version.release'
2024-04-26 14:35:04:545 [ADB] Current device property 'ro.build.version.release': 14
2024-04-26 14:35:04:545 [ADB] Device API level: 34
2024-04-26 14:35:04:545 [AndroidUiautomator2Driver@e2b9 (6bdbf694)] Relaxing hidden api policy
2024-04-26 14:35:04:545 [ADB] Running '/Users/mac/Library/Android/sdk/platform-tools/adb -P 5037 -s emulator-5554 shell 'settings put global hidden_api_policy_pre_p_apps 1;settings put global hidden_api_policy_p_apps 1;settings put global hidden_api_policy 1''
2024-04-26 14:35:04:768 [AndroidDriver] Parsing package and activity from app manifest
2024-04-26 14:35:04:782 [ADB] Package name: 'com.ecw.emobile'
2024-04-26 14:35:04:783 [ADB] Main activity name: 'com.ecw.emobile.LoginActivity'
2024-04-26 14:35:04:783 [AndroidDriver] Parsed package and activity are: com.ecw.emobile/com.ecw.emobile.LoginActivity
2024-04-26 14:35:04:783 [ADB] Running '/Users/mac/Library/Android/sdk/platform-tools/adb -P 5037 -s emulator-5554 wait-for-device'
2024-04-26 14:35:04:801 [ADB] Running '/Users/mac/Library/Android/sdk/platform-tools/adb -P 5037 -s emulator-5554 shell echo ping'
2024-04-26 14:35:04:849 [AndroidDriver] Pushing settings apk to device...
2024-04-26 14:35:04:850 [ADB] Getting package info for 'io.appium.settings'
2024-04-26 14:35:04:850 [ADB] Running '/Users/mac/Library/Android/sdk/platform-tools/adb -P 5037 -s emulator-5554 shell dumpsys package io.appium.settings'
2024-04-26 14:35:04:938 [ADB] The version name of the installed 'io.appium.settings' is greater or equal to the application version name ('5.2.0' >= '5.2.0')
2024-04-26 14:35:04:939 [ADB] There is no need to install/upgrade '/Users/mac/.appium/node_modules/appium-uiautomator2-driver/node_modules/io.appium.settings/apks/settings_apk-debug.apk'
2024-04-26 14:35:04:939 [ADB] Getting IDs of all 'io.appium.settings' processes
2024-04-26 14:35:04:939 [ADB] Running '/Users/mac/Library/Android/sdk/platform-tools/adb -P 5037 -s emulator-5554 shell 'pgrep --help; echo $?''
2024-04-26 14:35:05:017 [ADB] Running '/Users/mac/Library/Android/sdk/platform-tools/adb -P 5037 -s emulator-5554 shell pgrep -f \(\[\[:blank:\]\]\|\^\)io\.appium\.settings\(\[\[:blank:\]\]\|\$\)'
2024-04-26 14:35:05:137 [AndroidDriver] io.appium.settings is already running. There is no need to reset its permissions.
2024-04-26 14:35:05:138 [Logcat] Starting logs capture with command: /Users/mac/Library/Android/sdk/platform-tools/adb -P 5037 -s emulator-5554 logcat -v threadtime
2024-04-26 14:35:05:218 [AndroidDriver] The 'unicodeKeyboard' capability has been deprecated and will be removed. Set the 'hideKeyboard' capability to 'true' in order to make the on-screen keyboard invisible.
2024-04-26 14:35:05:218 [AndroidDriver] Enabling Unicode keyboard support
2024-04-26 14:35:05:218 [ADB] Running '/Users/mac/Library/Android/sdk/platform-tools/adb -P 5037 -s emulator-5554 shell settings get secure default_input_method'
2024-04-26 14:35:05:375 [AndroidDriver] Unsetting previous IME io.appium.settings/.UnicodeIME
2024-04-26 14:35:05:375 [AndroidDriver] Setting IME to 'io.appium.settings/.UnicodeIME'
2024-04-26 14:35:05:375 [ADB] Running '/Users/mac/Library/Android/sdk/platform-tools/adb -P 5037 -s emulator-5554 shell ime enable io.appium.settings/.UnicodeIME'
2024-04-26 14:35:05:547 [ADB] Running '/Users/mac/Library/Android/sdk/platform-tools/adb -P 5037 -s emulator-5554 shell ime set io.appium.settings/.UnicodeIME'
2024-04-26 14:35:05:752 [AndroidUiautomator2Driver@e2b9 (6bdbf694)] Forwarding UiAutomator2 Server port 6790 to local port 10000
2024-04-26 14:35:05:755 [ADB] Forwarding system: 10000 to device: 6790
2024-04-26 14:35:05:755 [ADB] Running '/Users/mac/Library/Android/sdk/platform-tools/adb -P 5037 -s emulator-5554 forward tcp:10000 tcp:6790'
2024-04-26 14:35:05:776 [ADB] Checking app cert for /Users/mac/.appium/node_modules/appium-uiautomator2-driver/node_modules/appium-uiautomator2-server/apks/appium-uiautomator2-server-v5.12.16.apk
2024-04-26 14:35:05:777 [ADB] Checking app cert for /Users/mac/.appium/node_modules/appium-uiautomator2-driver/node_modules/appium-uiautomator2-server/apks/appium-uiautomator2-server-debug-androidTest.apk
2024-04-26 14:35:05:780 [ADB] Using 'apksigner.jar' from '/Users/mac/Library/Android/sdk/build-tools/34.0.0/lib/apksigner.jar'
2024-04-26 14:35:05:782 [ADB] Starting apksigner: /usr/bin/java -Xmx1024M -Xss1m -jar /Users/mac/Library/Android/sdk/build-tools/34.0.0/lib/apksigner.jar verify --print-certs /Users/mac/.appium/node_modules/appium-uiautomator2-driver/node_modules/appium-uiautomator2-server/apks/appium-uiautomator2-server-debug-androidTest.apk
2024-04-26 14:35:05:826 [ADB] Starting apksigner: /usr/bin/java -Xmx1024M -Xss1m -jar /Users/mac/Library/Android/sdk/build-tools/34.0.0/lib/apksigner.jar verify --print-certs /Users/mac/.appium/node_modules/appium-uiautomator2-driver/node_modules/appium-uiautomator2-server/apks/appium-uiautomator2-server-v5.12.16.apk
2024-04-26 14:35:06:283 [ADB] apksigner stdout: Signer #1 certificate DN: EMAILADDRESS=android@android.com, CN=Android, OU=Android, O=Android, L=Mountain View, ST=California, C=US
2024-04-26 14:35:06:283 [ADB] Signer #1 certificate SHA-256 digest: a40da80a59d170caa950cf15c18c454d47a39b26989d8b640ecd745ba71bf5dc
2024-04-26 14:35:06:284 [ADB] Signer #1 certificate SHA-1 digest: 61ed377e85d386a8dfee6b864bd85b0bfaa5af81
2024-04-26 14:35:06:284 [ADB] Signer #1 certificate MD5 digest: e89b158e4bcf988ebd09eb83f5378e87
2024-04-26 14:35:06:284 [ADB] 
2024-04-26 14:35:06:284 [ADB] sha256 hash did match for 'appium-uiautomator2-server-debug-androidTest.apk'
2024-04-26 14:35:06:284 [ADB] '/Users/mac/.appium/node_modules/appium-uiautomator2-driver/node_modules/appium-uiautomator2-server/apks/appium-uiautomator2-server-debug-androidTest.apk' is signed with the default certificate
2024-04-26 14:35:06:284 [ADB] Getting install status for io.appium.uiautomator2.server.test
2024-04-26 14:35:06:284 [ADB] Running '/Users/mac/Library/Android/sdk/platform-tools/adb -P 5037 -s emulator-5554 shell pm path io.appium.uiautomator2.server.test'
2024-04-26 14:35:06:502 [ADB] 'io.appium.uiautomator2.server.test' is installed
2024-04-26 14:35:06:962 [ADB] apksigner stdout: Signer #1 certificate DN: EMAILADDRESS=android@android.com, CN=Android, OU=Android, O=Android, L=Mountain View, ST=California, C=US
2024-04-26 14:35:06:962 [ADB] Signer #1 certificate SHA-256 digest: a40da80a59d170caa950cf15c18c454d47a39b26989d8b640ecd745ba71bf5dc
2024-04-26 14:35:06:962 [ADB] Signer #1 certificate SHA-1 digest: 61ed377e85d386a8dfee6b864bd85b0bfaa5af81
2024-04-26 14:35:06:962 [ADB] Signer #1 certificate MD5 digest: e89b158e4bcf988ebd09eb83f5378e87
2024-04-26 14:35:06:963 [ADB] 
2024-04-26 14:35:06:963 [ADB] sha256 hash did match for 'appium-uiautomator2-server-v5.12.16.apk'
2024-04-26 14:35:06:963 [ADB] '/Users/mac/.appium/node_modules/appium-uiautomator2-driver/node_modules/appium-uiautomator2-server/apks/appium-uiautomator2-server-v5.12.16.apk' is signed with the default certificate
2024-04-26 14:35:06:963 [ADB] Getting package info for 'io.appium.uiautomator2.server'
2024-04-26 14:35:06:963 [ADB] Running '/Users/mac/Library/Android/sdk/platform-tools/adb -P 5037 -s emulator-5554 shell dumpsys package io.appium.uiautomator2.server'
2024-04-26 14:35:07:321 [ADB] The version name of the installed 'io.appium.uiautomator2.server' is greater or equal to the application version name ('5.12.16' >= '5.12.16')
2024-04-26 14:35:07:321 [AndroidUiautomator2Driver@e2b9 (6bdbf694)] Server packages status: [{"wasSigned":true,"installState":"sameVersionInstalled","appPath":"/Users/mac/.appium/node_modules/appium-uiautomator2-driver/node_modules/appium-uiautomator2-server/apks/appium-uiautomator2-server-v5.12.16.apk","appId":"io.appium.uiautomator2.server"},{"wasSigned":true,"installState":"sameVersionInstalled","appPath":"/Users/mac/.appium/node_modules/appium-uiautomator2-driver/node_modules/appium-uiautomator2-server/apks/appium-uiautomator2-server-debug-androidTest.apk","appId":"io.appium.uiautomator2.server.test"}]
2024-04-26 14:35:07:321 [AndroidUiautomator2Driver@e2b9 (6bdbf694)] Server packages are not going to be (re)installed
2024-04-26 14:35:07:323 [AndroidUiautomator2Driver@e2b9 (6bdbf694)] Waiting up to 30000ms for services to be available
2024-04-26 14:35:07:323 [ADB] Running '/Users/mac/Library/Android/sdk/platform-tools/adb -P 5037 -s emulator-5554 shell pm list instrumentation'
2024-04-26 14:35:07:561 [AndroidUiautomator2Driver@e2b9 (6bdbf694)] Instrumentation target 'io.appium.uiautomator2.server.test/androidx.test.runner.AndroidJUnitRunner' is available
2024-04-26 14:35:07:563 [ADB] Adding packages ["io.appium.settings","io.appium.uiautomator2.server","io.appium.uiautomator2.server.test"] to Doze whitelist
2024-04-26 14:35:07:563 [ADB] Got the following command chunks to execute: [["dumpsys","deviceidle","whitelist","+io.appium.settings",";","dumpsys","deviceidle","whitelist","+io.appium.uiautomator2.server",";","dumpsys","deviceidle","whitelist","+io.appium.uiautomator2.server.test",";"]]
2024-04-26 14:35:07:563 [ADB] Running '/Users/mac/Library/Android/sdk/platform-tools/adb -P 5037 -s emulator-5554 shell dumpsys deviceidle whitelist +io.appium.settings ; dumpsys deviceidle whitelist +io.appium.uiautomator2.server ; dumpsys deviceidle whitelist +io.appium.uiautomator2.server.test ;'
2024-04-26 14:35:07:798 [ADB] Checking app cert for /Users/mac/IdeaProjects/eclinicalmobileautomation/src/test/resources/apps/eClinicalMobile_prod_7.0.4.apk
2024-04-26 14:35:07:944 [ADB] Starting apksigner: /usr/bin/java -Xmx1024M -Xss1m -jar /Users/mac/Library/Android/sdk/build-tools/34.0.0/lib/apksigner.jar verify --print-certs /Users/mac/IdeaProjects/eclinicalmobileautomation/src/test/resources/apps/eClinicalMobile_prod_7.0.4.apk
2024-04-26 14:35:08:774 [ADB] apksigner stdout: Signer #1 certificate DN: CN=Sapan Parikh, OU=Product Development, O=eClinicalWorks, L=Westborough, ST=Massachusetts, C=US
2024-04-26 14:35:08:774 [ADB] Signer #1 certificate SHA-256 digest: b6a868876fd20c1b896a307c561441b3bbd1a9b969771836f15d389e4a097fd2
2024-04-26 14:35:08:774 [ADB] Signer #1 certificate SHA-1 digest: 348c2c6bd173bdbc3bdd5b8cb9c9fd9078a5bbec
2024-04-26 14:35:08:774 [ADB] Signer #1 certificate MD5 digest: 5164c91a4c335a3f6a38ae1daaa6bdd0
2024-04-26 14:35:08:774 [ADB] 
2024-04-26 14:35:08:774 [ADB] '/Users/mac/IdeaProjects/eclinicalmobileautomation/src/test/resources/apps/eClinicalMobile_prod_7.0.4.apk' is signed with a non-default certificate
2024-04-26 14:35:08:775 [ADB] Getting package info for 'com.ecw.emobile'
2024-04-26 14:35:08:775 [ADB] Running '/Users/mac/Library/Android/sdk/platform-tools/adb -P 5037 -s emulator-5554 shell dumpsys package com.ecw.emobile'
2024-04-26 14:35:08:898 [ADB] App '/Users/mac/IdeaProjects/eclinicalmobileautomation/src/test/resources/apps/eClinicalMobile_prod_7.0.4.apk' is not installed
2024-04-26 14:35:08:898 [ADB] Installing '/Users/mac/IdeaProjects/eclinicalmobileautomation/src/test/resources/apps/eClinicalMobile_prod_7.0.4.apk'
2024-04-26 14:35:08:899 [ADB] Running '/Users/mac/Library/Android/sdk/platform-tools/adb -P 5037 -s emulator-5554 help'
2024-04-26 14:35:08:917 [ADB] Running '/Users/mac/Library/Android/sdk/platform-tools/adb -P 5037 -s emulator-5554 features'
2024-04-26 14:35:08:938 [ADB] The application at '/Users/mac/IdeaProjects/eclinicalmobileautomation/src/test/resources/apps/eClinicalMobile_prod_7.0.4.apk' will not be cached, because the device under test has confirmed the support of streamed installs
2024-04-26 14:35:08:938 [ADB] Running '/Users/mac/Library/Android/sdk/platform-tools/adb -P 5037 -s emulator-5554 install -g /Users/mac/IdeaProjects/eclinicalmobileautomation/src/test/resources/apps/eClinicalMobile_prod_7.0.4.apk'
2024-04-26 14:35:13:839 [ADB] The installation of 'eClinicalMobile_prod_7.0.4.apk' took 4900ms
2024-04-26 14:35:13:839 [ADB] Install command stdout: Performing Streamed Install
2024-04-26 14:35:13:839 [ADB] Success
2024-04-26 14:35:13:839 [AndroidUiautomator2Driver@e2b9 (6bdbf694)] Performing shallow cleanup of automation leftovers
2024-04-26 14:35:13:851 [AndroidUiautomator2Driver@e2b9 (6bdbf694)] No obsolete sessions have been detected (socket hang up)
2024-04-26 14:35:13:851 [ADB] Running '/Users/mac/Library/Android/sdk/platform-tools/adb -P 5037 -s emulator-5554 shell am force-stop io.appium.uiautomator2.server.test'
2024-04-26 14:35:14:054 [AndroidUiautomator2Driver@e2b9 (6bdbf694)] Starting UIAutomator2 server 5.12.16
2024-04-26 14:35:14:054 [AndroidUiautomator2Driver@e2b9 (6bdbf694)] Using UIAutomator2 server from '/Users/mac/.appium/node_modules/appium-uiautomator2-driver/node_modules/appium-uiautomator2-server/apks/appium-uiautomator2-server-v5.12.16.apk' and test from '/Users/mac/.appium/node_modules/appium-uiautomator2-driver/node_modules/appium-uiautomator2-server/apks/appium-uiautomator2-server-debug-androidTest.apk'
2024-04-26 14:35:14:054 [AndroidUiautomator2Driver@e2b9 (6bdbf694)] Waiting up to 30000ms for UiAutomator2 to be online...
2024-04-26 14:35:14:054 [ADB] Creating ADB subprocess with args: ["-P","5037","-s","emulator-5554","shell","am","instrument","-w","-e","disableAnalytics","true","io.appium.uiautomator2.server.test/androidx.test.runner.AndroidJUnitRunner"]
2024-04-26 14:35:14:056 [AndroidUiautomator2Driver@e2b9 (6bdbf694)] Matched '/status' to command name 'getStatus'
2024-04-26 14:35:14:057 [AndroidUiautomator2Driver@e2b9 (6bdbf694)] Proxying [GET /status] to [GET http://127.0.0.1:10000/status] with no body
2024-04-26 14:35:14:067 [AndroidUiautomator2Driver@e2b9 (6bdbf694)] socket hang up
2024-04-26 14:35:15:069 [AndroidUiautomator2Driver@e2b9 (6bdbf694)] Matched '/status' to command name 'getStatus'
2024-04-26 14:35:15:070 [AndroidUiautomator2Driver@e2b9 (6bdbf694)] Proxying [GET /status] to [GET http://127.0.0.1:10000/status] with no body
2024-04-26 14:35:15:076 [AndroidUiautomator2Driver@e2b9 (6bdbf694)] socket hang up
2024-04-26 14:35:16:078 [AndroidUiautomator2Driver@e2b9 (6bdbf694)] Matched '/status' to command name 'getStatus'
2024-04-26 14:35:16:078 [AndroidUiautomator2Driver@e2b9 (6bdbf694)] Proxying [GET /status] to [GET http://127.0.0.1:10000/status] with no body
2024-04-26 14:35:16:082 [AndroidUiautomator2Driver@e2b9 (6bdbf694)] socket hang up
2024-04-26 14:35:16:769 [Instrumentation] io.appium.uiautomator2.server.test.AppiumUiAutomator2Server:
2024-04-26 14:35:17:084 [AndroidUiautomator2Driver@e2b9 (6bdbf694)] Matched '/status' to command name 'getStatus'
2024-04-26 14:35:17:084 [AndroidUiautomator2Driver@e2b9 (6bdbf694)] Proxying [GET /status] to [GET http://127.0.0.1:10000/status] with no body
2024-04-26 14:35:17:090 [AndroidUiautomator2Driver@e2b9 (6bdbf694)] socket hang up
2024-04-26 14:35:18:092 [AndroidUiautomator2Driver@e2b9 (6bdbf694)] Matched '/status' to command name 'getStatus'
2024-04-26 14:35:18:092 [AndroidUiautomator2Driver@e2b9 (6bdbf694)] Proxying [GET /status] to [GET http://127.0.0.1:10000/status] with no body
2024-04-26 14:35:18:135 [AndroidUiautomator2Driver@e2b9 (6bdbf694)] Got response with status 200: {"sessionId":"None","value":{"message":"UiAutomator2 Server is ready to accept commands","ready":true}}
2024-04-26 14:35:18:135 [AndroidUiautomator2Driver@e2b9 (6bdbf694)] The initialization of the instrumentation process took 4081ms
2024-04-26 14:35:18:136 [AndroidUiautomator2Driver@e2b9 (6bdbf694)] Matched '/session' to command name 'createSession'
2024-04-26 14:35:18:136 [AndroidUiautomator2Driver@e2b9 (6bdbf694)] Proxying [POST /session] to [POST http://127.0.0.1:10000/session] with body: {"capabilities":{"firstMatch":[{"platformName":"ANDROID","noReset":false,"udid":"emulator-5554","autoGrantPermissions":true,"automationName":"UiAutomator2","resetKeyboard":true,"systemPort":10000,"app":"/Users/mac/IdeaProjects/eclinicalmobileautomation/src/test/resources/apps/eClinicalMobile_prod_7.0.4.apk","unicodeKeyboard":true,"chromeDriverPort":"11000","platform":"LINUX","webStorageEnabled":false,"takesScreenshot":true,"javascriptEnabled":true,"databaseEnabled":false,"networkConnectionEnabled":true,"locationContextEnabled":false,"warnings":{},"desired":{"platformName":"ANDROID","noReset":false,"udid":"emulator-5554","autoGrantPermissions":true,"automationName":"UiAutomator2","resetKeyboard":true,"systemPort":10000,"app":"/Users/mac/IdeaProjects/eclinicalmobileautomation/src/test/resources/apps/eClinicalMobile_prod_7.0.4.apk","unicodeKeyboard":true,"chromeDriverPort":"11000"},"deviceName":"emulator-5554","deviceUDID":"emulator-5554","appPackage":"com.ecw.emobile"}],"alwaysMatch":{}}}
2024-04-26 14:35:18:184 [AndroidUiautomator2Driver@e2b9 (6bdbf694)] Got response with status 200: {"sessionId":"44562b43-a8eb-446a-b064-41029c87d385","value":{"capabilities":{"firstMatch":[{"platformName":"ANDROID","noReset":false,"udid":"emulator-5554","autoGrantPermissions":true,"automationName":"UiAutomator2","resetKeyboard":true,"systemPort":10000,"app":"/Users/mac/IdeaProjects/eclinicalmobileautomation/src/test/resources/apps/eClinicalMobile_prod_7.0.4.apk","unicodeKeyboard":true,"chromeDriverPort":"11000","platform":"LINUX","webStorageEnabled":false,"takesScreenshot":true,"javascriptEnabled":true,"databaseEnabled":false,"networkConnectionEnabled":true,"locationContextEnabled":false,"warnings":{},"desired":{"platformName":"ANDROID","noReset":false,"udid":"emulator-5554","autoGrantPermissions":true,"automationName":"UiAutomator2","resetKeyboard":true,"systemPort":10000,"app":"/Users/mac/IdeaProjects/eclinicalmobileautomation/src/test/resources/apps/eClinicalMobile_prod_7.0.4.apk","unicodeKeyboard":true,"chromeDriverPort":"11000"},"deviceName":"emulator-5554","deviceUDID":"emulator-5554","appPackage...
2024-04-26 14:35:18:185 [AndroidUiautomator2Driver@e2b9 (6bdbf694)] Determined the downstream protocol as 'W3C'
2024-04-26 14:35:18:191 [AndroidUiautomator2Driver@e2b9 (6bdbf694)] Proxying [GET /appium/device/pixel_ratio] to [GET http://127.0.0.1:10000/session/44562b43-a8eb-446a-b064-41029c87d385/appium/device/pixel_ratio] with no body
2024-04-26 14:35:18:191 [AndroidUiautomator2Driver@e2b9 (6bdbf694)] Matched '/appium/device/system_bars' to command name 'getSystemBars'
2024-04-26 14:35:18:192 [AndroidUiautomator2Driver@e2b9 (6bdbf694)] Proxying [GET /appium/device/system_bars] to [GET http://127.0.0.1:10000/session/44562b43-a8eb-446a-b064-41029c87d385/appium/device/system_bars] with no body
2024-04-26 14:35:18:192 [AndroidUiautomator2Driver@e2b9 (6bdbf694)] Matched '/window/current/size' to command name 'getWindowSize'
2024-04-26 14:35:18:192 [AndroidUiautomator2Driver@e2b9 (6bdbf694)] Proxying [GET /window/current/size] to [GET http://127.0.0.1:10000/session/44562b43-a8eb-446a-b064-41029c87d385/window/current/size] with no body
2024-04-26 14:35:18:194 [AndroidUiautomator2Driver@e2b9 (6bdbf694)] Proxying [GET /appium/device/info] to [GET http://127.0.0.1:10000/session/44562b43-a8eb-446a-b064-41029c87d385/appium/device/info] with no body
2024-04-26 14:35:18:194 [ADB] Running '/Users/mac/Library/Android/sdk/platform-tools/adb -P 5037 -s emulator-5554 shell dumpsys window'
2024-04-26 14:35:18:204 [AndroidUiautomator2Driver@e2b9 (6bdbf694)] Got response with status 200: {"sessionId":"44562b43-a8eb-446a-b064-41029c87d385","value":3.5}
2024-04-26 14:35:18:237 [AndroidUiautomator2Driver@e2b9 (6bdbf694)] Got response with status 200: {"sessionId":"44562b43-a8eb-446a-b064-41029c87d385","value":{"statusBar":144}}
2024-04-26 14:35:18:238 [AndroidUiautomator2Driver@e2b9 (6bdbf694)] Got response with status 200: {"sessionId":"44562b43-a8eb-446a-b064-41029c87d385","value":{"height":2892,"width":1440}}
2024-04-26 14:35:18:246 [AndroidUiautomator2Driver@e2b9 (6bdbf694)] Got response with status 200: {"sessionId":"44562b43-a8eb-446a-b064-41029c87d385","value":{"androidId":"92b871a84174c68f","apiVersion":"34","bluetooth":{"state":"ON"},"brand":"google","carrierName":"T-Mobile","displayDensity":560,"locale":"en_US","manufacturer":"Google","model":"sdk_gphone64_x86_64","networks":[{"capabilities":{"SSID":null,"linkDownBandwidthKbps":30000,"linkUpstreamBandwidthKbps":12000,"networkCapabilities":"NET_CAPABILITY_NOT_METERED,NET_CAPABILITY_INTERNET,NET_CAPABILITY_NOT_RESTRICTED,NET_CAPABILITY_TRUSTED,NET_CAPABILITY_NOT_VPN,NET_CAPABILITY_VALIDATED,NET_CAPABILITY_NOT_ROAMING,NET_CAPABILITY_FOREGROUND,NET_CAPABILITY_NOT_CONGESTED,NET_CAPABILITY_NOT_SUSPENDED","signalStrength":-50,"transportTypes":"TRANSPORT_WIFI"},"detailedState":"CONNECTED","extraInfo":"","isAvailable":true,"isConnected":true,"isFailover":false,"isRoaming":false,"state":"CONNECTED","subtype":-1,"subtypeName":"","type":1,"typeName":"WIFI"},{"capabilities":{"SSID":null,"linkDownBandwidthKbps":4300,"linkUpstreamBandwidthKbps":1800,"networkCapabil...
2024-04-26 14:35:18:311 [AndroidDriver] Screen already unlocked, doing nothing
2024-04-26 14:35:18:311 [AndroidUiautomator2Driver@e2b9 (6bdbf694)] Starting 'com.ecw.emobile/com.ecw.emobile.LoginActivity and waiting for 'com.ecw.emobile/com.ecw.emobile.LoginActivity'
2024-04-26 14:35:18:311 [ADB] Running '/Users/mac/Library/Android/sdk/platform-tools/adb -P 5037 -s emulator-5554 shell am start -W -n com.ecw.emobile/com.ecw.emobile.LoginActivity -S -a android.intent.action.MAIN -c android.intent.category.LAUNCHER -f 0x10200000'
2024-04-26 14:35:22:354 [ADB] Waiting up to 20000ms for activity matching pkg: 'com.ecw.emobile' and activity: 'com.ecw.emobile.LoginActivity' to be focused
2024-04-26 14:35:22:354 [ADB] Possible activities, to be checked: 'com.ecw.emobile.LoginActivity', 'com.ecw.emobile.com.ecw.emobile.LoginActivity'
2024-04-26 14:35:22:354 [ADB] Getting focused package and activity
2024-04-26 14:35:22:354 [ADB] Running '/Users/mac/Library/Android/sdk/platform-tools/adb -P 5037 -s emulator-5554 shell dumpsys window displays'
2024-04-26 14:35:23:040 [ADB] Found package: 'com.ecw.emobile' and fully qualified activity name : 'com.ecw.emobile.LoginActivity'
2024-04-26 14:35:23:040 [AppiumDriver@034d] New AndroidUiautomator2Driver session created successfully, session 6bdbf694-34f1-4d69-9cb5-b66538a92217 added to master session list
2024-04-26 14:35:23:041 [AppiumDriver@034d] Event 'newSessionStarted' logged at 1714142123040 (20:05:23 GMT+0530 (India Standard Time))
2024-04-26 14:35:23:041 [AndroidUiautomator2Driver@e2b9 (6bdbf694)] Cached the protocol value 'W3C' for the new session 6bdbf694-34f1-4d69-9cb5-b66538a92217
2024-04-26 14:35:23:041 [AndroidUiautomator2Driver@e2b9 (6bdbf694)] Responding to client with driver.createSession() result: {"capabilities":{"platformName":"ANDROID","noReset":false,"udid":"emulator-5554","autoGrantPermissions":true,"automationName":"UiAutomator2","resetKeyboard":true,"systemPort":10000,"app":"/Users/mac/IdeaProjects/eclinicalmobileautomation/src/test/resources/apps/eClinicalMobile_prod_7.0.4.apk","unicodeKeyboard":true,"chromeDriverPort":"11000","platform":"LINUX","webStorageEnabled":false,"takesScreenshot":true,"javascriptEnabled":true,"databaseEnabled":false,"networkConnectionEnabled":true,"locationContextEnabled":false,"warnings":{},"desired":{"platformName":"ANDROID","noReset":false,"udid":"emulator-5554","autoGrantPermissions":true,"automationName":"UiAutomator2","resetKeyboard":true,"systemPort":10000,"app":"/Users/mac/IdeaProjects/eclinicalmobileautomation/src/test/resources/apps/eClinicalMobile_prod_7.0.4.apk","unicodeKeyboard":true,"chromeDriverPort":"11000"},"deviceName":"emulator-5554","deviceUDID":"emulator-5554","appPackage":"com.ecw.emobile","pixelRatio":"3.5","statBarHeight":144,"viewportRect":{...
2024-04-26 14:35:23:043 [HTTP] <-- POST /session 200 18903 ms - 1296
2024-04-26 14:35:23:043 [HTTP] 
2024-04-26 14:35:24:615 [HTTP] --> POST /session/6bdbf694-34f1-4d69-9cb5-b66538a92217/execute/sync
2024-04-26 14:35:24:616 [HTTP] {"script":"mobile: terminateApp","args":[{"appId":"com.ecw.emobile","bundleId":"com.ecw.emobile"}]}
2024-04-26 14:35:24:622 [AndroidUiautomator2Driver@e2b9 (6bdbf694)] Calling AppiumDriver.execute() with args: ["mobile: terminateApp",[{"appId":"com.ecw.emobile","bundleId":"com.ecw.emobile"}],"6bdbf694-34f1-4d69-9cb5-b66538a92217"]
2024-04-26 14:35:24:622 [AndroidUiautomator2Driver@e2b9 (6bdbf694)] Executing method 'mobile: terminateApp'
2024-04-26 14:35:24:623 [AndroidUiautomator2Driver@e2b9 (6bdbf694)] Terminating 'com.ecw.emobile'
2024-04-26 14:35:24:623 [ADB] Getting IDs of all 'com.ecw.emobile' processes
2024-04-26 14:35:24:623 [ADB] Running '/Users/mac/Library/Android/sdk/platform-tools/adb -P 5037 -s emulator-5554 shell pgrep -f \(\[\[:blank:\]\]\|\^\)com\.ecw\.emobile\(\[\[:blank:\]\]\|\$\)'
2024-04-26 14:35:24:782 [ADB] Running '/Users/mac/Library/Android/sdk/platform-tools/adb -P 5037 -s emulator-5554 shell am force-stop com.ecw.emobile'
2024-04-26 14:35:25:058 [AndroidUiautomator2Driver@e2b9 (6bdbf694)] Querying the state of 'com.ecw.emobile'
2024-04-26 14:35:25:060 [ADB] Getting install status for com.ecw.emobile
2024-04-26 14:35:25:064 [ADB] Running '/Users/mac/Library/Android/sdk/platform-tools/adb -P 5037 -s emulator-5554 shell pm path com.ecw.emobile'
2024-04-26 14:35:25:503 [ADB] 'com.ecw.emobile' is installed
2024-04-26 14:35:25:503 [ADB] Getting IDs of all 'com.ecw.emobile' processes
2024-04-26 14:35:25:503 [ADB] Running '/Users/mac/Library/Android/sdk/platform-tools/adb -P 5037 -s emulator-5554 shell pgrep -f \(\[\[:blank:\]\]\|\^\)com\.ecw\.emobile\(\[\[:blank:\]\]\|\$\)'
2024-04-26 14:35:25:828 [AndroidUiautomator2Driver@e2b9 (6bdbf694)] 'com.ecw.emobile' has been successfully terminated
2024-04-26 14:35:25:828 [AndroidUiautomator2Driver@e2b9 (6bdbf694)] Responding to client with driver.execute() result: true
2024-04-26 14:35:25:829 [HTTP] <-- POST /session/6bdbf694-34f1-4d69-9cb5-b66538a92217/execute/sync 200 1213 ms - 14
2024-04-26 14:35:25:829 [HTTP] 
2024-04-26 14:35:25:833 [HTTP] --> POST /session/6bdbf694-34f1-4d69-9cb5-b66538a92217/execute/sync
2024-04-26 14:35:25:833 [HTTP] {"script":"mobile: activateApp","args":[{"appId":"com.ecw.emobile","bundleId":"com.ecw.emobile"}]}
2024-04-26 14:35:25:837 [AndroidUiautomator2Driver@e2b9 (6bdbf694)] Calling AppiumDriver.execute() with args: ["mobile: activateApp",[{"appId":"com.ecw.emobile","bundleId":"com.ecw.emobile"}],"6bdbf694-34f1-4d69-9cb5-b66538a92217"]
2024-04-26 14:35:25:838 [AndroidUiautomator2Driver@e2b9 (6bdbf694)] Executing method 'mobile: activateApp'
2024-04-26 14:35:25:838 [AndroidUiautomator2Driver@e2b9 (6bdbf694)] Activating 'com.ecw.emobile'
2024-04-26 14:35:25:838 [ADB] Running '/Users/mac/Library/Android/sdk/platform-tools/adb -P 5037 -s emulator-5554 shell cmd package resolve-activity --brief com.ecw.emobile'
2024-04-26 14:35:25:939 [ADB] Running '/Users/mac/Library/Android/sdk/platform-tools/adb -P 5037 -s emulator-5554 shell am start-activity -a android.intent.action.MAIN -c android.intent.category.LAUNCHER -f 0x10200000 -n com.ecw.emobile/.LoginActivity'
2024-04-26 14:35:26:086 [AndroidUiautomator2Driver@e2b9 (6bdbf694)] Starting: Intent { act=android.intent.action.MAIN cat=[android.intent.category.LAUNCHER] flg=0x10200000 cmp=com.ecw.emobile/.LoginActivity }
2024-04-26 14:35:26:087 [AndroidUiautomator2Driver@e2b9 (6bdbf694)] Responding to client with driver.execute() result: null
2024-04-26 14:35:26:087 [HTTP] <-- POST /session/6bdbf694-34f1-4d69-9cb5-b66538a92217/execute/sync 200 254 ms - 14
2024-04-26 14:35:26:087 [HTTP] 
2024-04-26 14:35:26:097 [HTTP] --> GET /session/6bdbf694-34f1-4d69-9cb5-b66538a92217/context
2024-04-26 14:35:26:098 [HTTP] {}
2024-04-26 14:35:26:098 [AndroidUiautomator2Driver@e2b9 (6bdbf694)] Calling AppiumDriver.getCurrentContext() with args: ["6bdbf694-34f1-4d69-9cb5-b66538a92217"]
2024-04-26 14:35:26:101 [AndroidUiautomator2Driver@e2b9 (6bdbf694)] Responding to client with driver.getCurrentContext() result: "NATIVE_APP"
2024-04-26 14:35:26:106 [HTTP] <-- GET /session/6bdbf694-34f1-4d69-9cb5-b66538a92217/context 200 5 ms - 22
2024-04-26 14:35:26:112 [HTTP] 
2024-04-26 14:35:26:138 [HTTP] --> POST /session/6bdbf694-34f1-4d69-9cb5-b66538a92217/element
2024-04-26 14:35:26:138 [HTTP] {"using":"id","value":"com.ecw.emobile.dev:id/pinSignOut"}
2024-04-26 14:35:26:138 [AndroidUiautomator2Driver@e2b9 (6bdbf694)] Calling AppiumDriver.findElement() with args: ["id","com.ecw.emobile.dev:id/pinSignOut","6bdbf694-34f1-4d69-9cb5-b66538a92217"]
2024-04-26 14:35:26:139 [AndroidUiautomator2Driver@e2b9 (6bdbf694)] Valid locator strategies for this request: xpath, id, class name, accessibility id, css selector, -android uiautomator
2024-04-26 14:35:26:139 [AndroidUiautomator2Driver@e2b9 (6bdbf694)] Waiting up to 0 ms for condition
2024-04-26 14:35:26:141 [AndroidUiautomator2Driver@e2b9 (6bdbf694)] Matched '/element' to command name 'findElement'
2024-04-26 14:35:26:141 [AndroidUiautomator2Driver@e2b9 (6bdbf694)] Proxying [POST /element] to [POST http://127.0.0.1:10000/session/44562b43-a8eb-446a-b064-41029c87d385/element] with body: {"strategy":"id","selector":"com.ecw.emobile.dev:id/pinSignOut","context":"","multiple":false}
2024-04-26 14:35:26:581 [AndroidUiautomator2Driver@e2b9 (6bdbf694)] Got response with status 404: {"sessionId":"44562b43-a8eb-446a-b064-41029c87d385","value":{"error":"no such element","message":"An element could not be located on the page using the given search parameters","stacktrace":"io.appium.uiautomator2.common.exceptions.ElementNotFoundException: An element could not be located on the page using the given search parameters\n\tat io.appium.uiautomator2.handler.FindElement.safeHandle(FindElement.java:63)\n\tat io.appium.uiautomator2.handler.request.SafeRequestHandler.handle(SafeRequestHandler.java:59)\n\tat io.appium.uiautomator2.server.AppiumServlet.handleRequest(AppiumServlet.java:277)\n\tat io.appium.uiautomator2.server.AppiumServlet.handleHttpRequest(AppiumServlet.java:271)\n\tat io.appium.uiautomator2.http.ServerHandler.channelRead(ServerHandler.java:77)\n\tat io.netty.channel.AbstractChannelHandlerContext.invokeChannelRead(AbstractChannelHandlerContext.java:366)\n\tat io.netty.channel.AbstractChannelHandlerContext.invokeChannelRead(AbstractChannelHandlerContext.java:352)\n\tat io.netty.chann...
2024-04-26 14:35:26:582 [W3C] Matched W3C error code 'no such element' to NoSuchElementError
2024-04-26 14:35:26:585 [AndroidUiautomator2Driver@e2b9 (6bdbf694)] Encountered internal error running command: NoSuchElementError: An element could not be located on the page using the given search parameters.
2024-04-26 14:35:26:585 [AndroidUiautomator2Driver@e2b9 (6bdbf694)]     at AndroidUiautomator2Driver.findElOrEls (/Users/mac/.appium/node_modules/appium-uiautomator2-driver/node_modules/appium-android-driver/lib/commands/find.ts:87:11)
2024-04-26 14:35:26:586 [AndroidUiautomator2Driver@e2b9 (6bdbf694)]     at processTicksAndRejections (node:internal/process/task_queues:95:5)
2024-04-26 14:35:26:586 [AndroidUiautomator2Driver@e2b9 (6bdbf694)]     at AndroidUiautomator2Driver.findElOrElsWithProcessing (/usr/local/lib/node_modules/appium/node_modules/@appium/base-driver/lib/basedriver/commands/find.ts:60:12)
2024-04-26 14:35:26:586 [AndroidUiautomator2Driver@e2b9 (6bdbf694)]     at AndroidUiautomator2Driver.findElement (/usr/local/lib/node_modules/appium/node_modules/@appium/base-driver/lib/basedriver/commands/find.ts:75:12)
2024-04-26 14:35:26:586 [HTTP] <-- POST /session/6bdbf694-34f1-4d69-9cb5-b66538a92217/element 404 449 ms - 808
2024-04-26 14:35:26:586 [HTTP] 
2024-04-26 14:35:27:114 [HTTP] --> POST /session/6bdbf694-34f1-4d69-9cb5-b66538a92217/element
2024-04-26 14:35:27:114 [HTTP] {"using":"id","value":"com.ecw.emobile.dev:id/pinSignOut"}
2024-04-26 14:35:27:115 [AndroidUiautomator2Driver@e2b9 (6bdbf694)] Calling AppiumDriver.findElement() with args: ["id","com.ecw.emobile.dev:id/pinSignOut","6bdbf694-34f1-4d69-9cb5-b66538a92217"]
2024-04-26 14:35:27:116 [AndroidUiautomator2Driver@e2b9 (6bdbf694)] Valid locator strategies for this request: xpath, id, class name, accessibility id, css selector, -android uiautomator
2024-04-26 14:35:27:116 [AndroidUiautomator2Driver@e2b9 (6bdbf694)] Waiting up to 0 ms for condition
2024-04-26 14:35:27:116 [AndroidUiautomator2Driver@e2b9 (6bdbf694)] Matched '/element' to command name 'findElement'
2024-04-26 14:35:27:117 [AndroidUiautomator2Driver@e2b9 (6bdbf694)] Proxying [POST /element] to [POST http://127.0.0.1:10000/session/44562b43-a8eb-446a-b064-41029c87d385/element] with body: {"strategy":"id","selector":"com.ecw.emobile.dev:id/pinSignOut","context":"","multiple":false}
2024-04-26 14:35:34:687 [AndroidUiautomator2Driver@e2b9 (6bdbf694)] Got response with status 404: {"sessionId":"44562b43-a8eb-446a-b064-41029c87d385","value":{"error":"no such element","message":"An element could not be located on the page using the given search parameters","stacktrace":"io.appium.uiautomator2.common.exceptions.ElementNotFoundException: An element could not be located on the page using the given search parameters\n\tat io.appium.uiautomator2.handler.FindElement.safeHandle(FindElement.java:63)\n\tat io.appium.uiautomator2.handler.request.SafeRequestHandler.handle(SafeRequestHandler.java:59)\n\tat io.appium.uiautomator2.server.AppiumServlet.handleRequest(AppiumServlet.java:277)\n\tat io.appium.uiautomator2.server.AppiumServlet.handleHttpRequest(AppiumServlet.java:271)\n\tat io.appium.uiautomator2.http.ServerHandler.channelRead(ServerHandler.java:77)\n\tat io.netty.channel.AbstractChannelHandlerContext.invokeChannelRead(AbstractChannelHandlerContext.java:366)\n\tat io.netty.channel.AbstractChannelHandlerContext.invokeChannelRead(AbstractChannelHandlerContext.java:352)\n\tat io.netty.chann...
2024-04-26 14:35:34:687 [W3C] Matched W3C error code 'no such element' to NoSuchElementError
2024-04-26 14:35:34:688 [AndroidUiautomator2Driver@e2b9 (6bdbf694)] Encountered internal error running command: NoSuchElementError: An element could not be located on the page using the given search parameters.
2024-04-26 14:35:34:688 [AndroidUiautomator2Driver@e2b9 (6bdbf694)]     at AndroidUiautomator2Driver.findElOrEls (/Users/mac/.appium/node_modules/appium-uiautomator2-driver/node_modules/appium-android-driver/lib/commands/find.ts:87:11)
2024-04-26 14:35:34:688 [AndroidUiautomator2Driver@e2b9 (6bdbf694)]     at processTicksAndRejections (node:internal/process/task_queues:95:5)
2024-04-26 14:35:34:688 [AndroidUiautomator2Driver@e2b9 (6bdbf694)]     at AndroidUiautomator2Driver.findElOrElsWithProcessing (/usr/local/lib/node_modules/appium/node_modules/@appium/base-driver/lib/basedriver/commands/find.ts:60:12)
2024-04-26 14:35:34:688 [AndroidUiautomator2Driver@e2b9 (6bdbf694)]     at AndroidUiautomator2Driver.findElement (/usr/local/lib/node_modules/appium/node_modules/@appium/base-driver/lib/basedriver/commands/find.ts:75:12)
2024-04-26 14:35:34:689 [HTTP] <-- POST /session/6bdbf694-34f1-4d69-9cb5-b66538a92217/element 404 7574 ms - 808
2024-04-26 14:35:34:689 [HTTP] 
2024-04-26 14:35:34:698 [HTTP] --> GET /session/6bdbf694-34f1-4d69-9cb5-b66538a92217/context
2024-04-26 14:35:34:699 [HTTP] {}
2024-04-26 14:35:34:699 [AndroidUiautomator2Driver@e2b9 (6bdbf694)] Calling AppiumDriver.getCurrentContext() with args: ["6bdbf694-34f1-4d69-9cb5-b66538a92217"]
2024-04-26 14:35:34:699 [AndroidUiautomator2Driver@e2b9 (6bdbf694)] Responding to client with driver.getCurrentContext() result: "NATIVE_APP"
2024-04-26 14:35:34:700 [HTTP] <-- GET /session/6bdbf694-34f1-4d69-9cb5-b66538a92217/context 200 1 ms - 22
2024-04-26 14:35:34:700 [HTTP] 
2024-04-26 14:35:34:702 [HTTP] --> POST /session/6bdbf694-34f1-4d69-9cb5-b66538a92217/element
2024-04-26 14:35:34:703 [HTTP] {"using":"id","value":"com.ecw.emobile.dev:id/loginUsername"}
2024-04-26 14:35:34:703 [AndroidUiautomator2Driver@e2b9 (6bdbf694)] Calling AppiumDriver.findElement() with args: ["id","com.ecw.emobile.dev:id/loginUsername","6bdbf694-34f1-4d69-9cb5-b66538a92217"]
2024-04-26 14:35:34:704 [AndroidUiautomator2Driver@e2b9 (6bdbf694)] Valid locator strategies for this request: xpath, id, class name, accessibility id, css selector, -android uiautomator
2024-04-26 14:35:34:704 [AndroidUiautomator2Driver@e2b9 (6bdbf694)] Waiting up to 0 ms for condition
2024-04-26 14:35:34:704 [AndroidUiautomator2Driver@e2b9 (6bdbf694)] Matched '/element' to command name 'findElement'
2024-04-26 14:35:34:704 [AndroidUiautomator2Driver@e2b9 (6bdbf694)] Proxying [POST /element] to [POST http://127.0.0.1:10000/session/44562b43-a8eb-446a-b064-41029c87d385/element] with body: {"strategy":"id","selector":"com.ecw.emobile.dev:id/loginUsername","context":"","multiple":false}
2024-04-26 14:35:34:738 [AndroidUiautomator2Driver@e2b9 (6bdbf694)] Got response with status 404: {"sessionId":"44562b43-a8eb-446a-b064-41029c87d385","value":{"error":"no such element","message":"An element could not be located on the page using the given search parameters","stacktrace":"io.appium.uiautomator2.common.exceptions.ElementNotFoundException: An element could not be located on the page using the given search parameters\n\tat io.appium.uiautomator2.handler.FindElement.safeHandle(FindElement.java:63)\n\tat io.appium.uiautomator2.handler.request.SafeRequestHandler.handle(SafeRequestHandler.java:59)\n\tat io.appium.uiautomator2.server.AppiumServlet.handleRequest(AppiumServlet.java:277)\n\tat io.appium.uiautomator2.server.AppiumServlet.handleHttpRequest(AppiumServlet.java:271)\n\tat io.appium.uiautomator2.http.ServerHandler.channelRead(ServerHandler.java:77)\n\tat io.netty.channel.AbstractChannelHandlerContext.invokeChannelRead(AbstractChannelHandlerContext.java:366)\n\tat io.netty.channel.AbstractChannelHandlerContext.invokeChannelRead(AbstractChannelHandlerContext.java:352)\n\tat io.netty.chann...
2024-04-26 14:35:34:738 [W3C] Matched W3C error code 'no such element' to NoSuchElementError
2024-04-26 14:35:34:739 [AndroidUiautomator2Driver@e2b9 (6bdbf694)] Encountered internal error running command: NoSuchElementError: An element could not be located on the page using the given search parameters.
2024-04-26 14:35:34:739 [AndroidUiautomator2Driver@e2b9 (6bdbf694)]     at AndroidUiautomator2Driver.findElOrEls (/Users/mac/.appium/node_modules/appium-uiautomator2-driver/node_modules/appium-android-driver/lib/commands/find.ts:87:11)
2024-04-26 14:35:34:739 [AndroidUiautomator2Driver@e2b9 (6bdbf694)]     at processTicksAndRejections (node:internal/process/task_queues:95:5)
2024-04-26 14:35:34:739 [AndroidUiautomator2Driver@e2b9 (6bdbf694)]     at AndroidUiautomator2Driver.findElOrElsWithProcessing (/usr/local/lib/node_modules/appium/node_modules/@appium/base-driver/lib/basedriver/commands/find.ts:60:12)
2024-04-26 14:35:34:739 [AndroidUiautomator2Driver@e2b9 (6bdbf694)]     at AndroidUiautomator2Driver.findElement (/usr/local/lib/node_modules/appium/node_modules/@appium/base-driver/lib/basedriver/commands/find.ts:75:12)
2024-04-26 14:35:34:740 [HTTP] <-- POST /session/6bdbf694-34f1-4d69-9cb5-b66538a92217/element 404 37 ms - 808
2024-04-26 14:35:34:740 [HTTP] 
2024-04-26 14:35:35:250 [HTTP] --> POST /session/6bdbf694-34f1-4d69-9cb5-b66538a92217/element
2024-04-26 14:35:35:250 [HTTP] {"using":"id","value":"com.ecw.emobile.dev:id/loginUsername"}
2024-04-26 14:35:35:250 [AndroidUiautomator2Driver@e2b9 (6bdbf694)] Calling AppiumDriver.findElement() with args: ["id","com.ecw.emobile.dev:id/loginUsername","6bdbf694-34f1-4d69-9cb5-b66538a92217"]
2024-04-26 14:35:35:250 [AndroidUiautomator2Driver@e2b9 (6bdbf694)] Valid locator strategies for this request: xpath, id, class name, accessibility id, css selector, -android uiautomator
2024-04-26 14:35:35:251 [AndroidUiautomator2Driver@e2b9 (6bdbf694)] Waiting up to 0 ms for condition
2024-04-26 14:35:35:251 [AndroidUiautomator2Driver@e2b9 (6bdbf694)] Matched '/element' to command name 'findElement'
2024-04-26 14:35:35:251 [AndroidUiautomator2Driver@e2b9 (6bdbf694)] Proxying [POST /element] to [POST http://127.0.0.1:10000/session/44562b43-a8eb-446a-b064-41029c87d385/element] with body: {"strategy":"id","selector":"com.ecw.emobile.dev:id/loginUsername","context":"","multiple":false}
2024-04-26 14:35:35:294 [AndroidUiautomator2Driver@e2b9 (6bdbf694)] Got response with status 404: {"sessionId":"44562b43-a8eb-446a-b064-41029c87d385","value":{"error":"no such element","message":"An element could not be located on the page using the given search parameters","stacktrace":"io.appium.uiautomator2.common.exceptions.ElementNotFoundException: An element could not be located on the page using the given search parameters\n\tat io.appium.uiautomator2.handler.FindElement.safeHandle(FindElement.java:63)\n\tat io.appium.uiautomator2.handler.request.SafeRequestHandler.handle(SafeRequestHandler.java:59)\n\tat io.appium.uiautomator2.server.AppiumServlet.handleRequest(AppiumServlet.java:277)\n\tat io.appium.uiautomator2.server.AppiumServlet.handleHttpRequest(AppiumServlet.java:271)\n\tat io.appium.uiautomator2.http.ServerHandler.channelRead(ServerHandler.java:77)\n\tat io.netty.channel.AbstractChannelHandlerContext.invokeChannelRead(AbstractChannelHandlerContext.java:366)\n\tat io.netty.channel.AbstractChannelHandlerContext.invokeChannelRead(AbstractChannelHandlerContext.java:352)\n\tat io.netty.chann...
2024-04-26 14:35:35:294 [W3C] Matched W3C error code 'no such element' to NoSuchElementError
2024-04-26 14:35:35:295 [AndroidUiautomator2Driver@e2b9 (6bdbf694)] Encountered internal error running command: NoSuchElementError: An element could not be located on the page using the given search parameters.
2024-04-26 14:35:35:295 [AndroidUiautomator2Driver@e2b9 (6bdbf694)]     at AndroidUiautomator2Driver.findElOrEls (/Users/mac/.appium/node_modules/appium-uiautomator2-driver/node_modules/appium-android-driver/lib/commands/find.ts:87:11)
2024-04-26 14:35:35:295 [AndroidUiautomator2Driver@e2b9 (6bdbf694)]     at processTicksAndRejections (node:internal/process/task_queues:95:5)
2024-04-26 14:35:35:295 [AndroidUiautomator2Driver@e2b9 (6bdbf694)]     at AndroidUiautomator2Driver.findElOrElsWithProcessing (/usr/local/lib/node_modules/appium/node_modules/@appium/base-driver/lib/basedriver/commands/find.ts:60:12)
2024-04-26 14:35:35:295 [AndroidUiautomator2Driver@e2b9 (6bdbf694)]     at AndroidUiautomator2Driver.findElement (/usr/local/lib/node_modules/appium/node_modules/@appium/base-driver/lib/basedriver/commands/find.ts:75:12)
2024-04-26 14:35:35:296 [HTTP] <-- POST /session/6bdbf694-34f1-4d69-9cb5-b66538a92217/element 404 46 ms - 808
2024-04-26 14:35:35:296 [HTTP] 
2024-04-26 14:35:35:806 [HTTP] --> POST /session/6bdbf694-34f1-4d69-9cb5-b66538a92217/element
2024-04-26 14:35:35:806 [HTTP] {"using":"id","value":"com.ecw.emobile.dev:id/loginUsername"}
2024-04-26 14:35:35:807 [AndroidUiautomator2Driver@e2b9 (6bdbf694)] Calling AppiumDriver.findElement() with args: ["id","com.ecw.emobile.dev:id/loginUsername","6bdbf694-34f1-4d69-9cb5-b66538a92217"]
2024-04-26 14:35:35:807 [AndroidUiautomator2Driver@e2b9 (6bdbf694)] Valid locator strategies for this request: xpath, id, class name, accessibility id, css selector, -android uiautomator
2024-04-26 14:35:35:807 [AndroidUiautomator2Driver@e2b9 (6bdbf694)] Waiting up to 0 ms for condition
2024-04-26 14:35:35:808 [AndroidUiautomator2Driver@e2b9 (6bdbf694)] Matched '/element' to command name 'findElement'
2024-04-26 14:35:35:808 [AndroidUiautomator2Driver@e2b9 (6bdbf694)] Proxying [POST /element] to [POST http://127.0.0.1:10000/session/44562b43-a8eb-446a-b064-41029c87d385/element] with body: {"strategy":"id","selector":"com.ecw.emobile.dev:id/loginUsername","context":"","multiple":false}
2024-04-26 14:35:35:902 [AndroidUiautomator2Driver@e2b9 (6bdbf694)] Got response with status 404: {"sessionId":"44562b43-a8eb-446a-b064-41029c87d385","value":{"error":"no such element","message":"An element could not be located on the page using the given search parameters","stacktrace":"io.appium.uiautomator2.common.exceptions.ElementNotFoundException: An element could not be located on the page using the given search parameters\n\tat io.appium.uiautomator2.handler.FindElement.safeHandle(FindElement.java:63)\n\tat io.appium.uiautomator2.handler.request.SafeRequestHandler.handle(SafeRequestHandler.java:59)\n\tat io.appium.uiautomator2.server.AppiumServlet.handleRequest(AppiumServlet.java:277)\n\tat io.appium.uiautomator2.server.AppiumServlet.handleHttpRequest(AppiumServlet.java:271)\n\tat io.appium.uiautomator2.http.ServerHandler.channelRead(ServerHandler.java:77)\n\tat io.netty.channel.AbstractChannelHandlerContext.invokeChannelRead(AbstractChannelHandlerContext.java:366)\n\tat io.netty.channel.AbstractChannelHandlerContext.invokeChannelRead(AbstractChannelHandlerContext.java:352)\n\tat io.netty.chann...
2024-04-26 14:35:35:903 [W3C] Matched W3C error code 'no such element' to NoSuchElementError
2024-04-26 14:35:35:903 [AndroidUiautomator2Driver@e2b9 (6bdbf694)] Encountered internal error running command: NoSuchElementError: An element could not be located on the page using the given search parameters.
2024-04-26 14:35:35:904 [AndroidUiautomator2Driver@e2b9 (6bdbf694)]     at AndroidUiautomator2Driver.findElOrEls (/Users/mac/.appium/node_modules/appium-uiautomator2-driver/node_modules/appium-android-driver/lib/commands/find.ts:87:11)
2024-04-26 14:35:35:904 [AndroidUiautomator2Driver@e2b9 (6bdbf694)]     at processTicksAndRejections (node:internal/process/task_queues:95:5)
2024-04-26 14:35:35:904 [AndroidUiautomator2Driver@e2b9 (6bdbf694)]     at AndroidUiautomator2Driver.findElOrElsWithProcessing (/usr/local/lib/node_modules/appium/node_modules/@appium/base-driver/lib/basedriver/commands/find.ts:60:12)
2024-04-26 14:35:35:904 [AndroidUiautomator2Driver@e2b9 (6bdbf694)]     at AndroidUiautomator2Driver.findElement (/usr/local/lib/node_modules/appium/node_modules/@appium/base-driver/lib/basedriver/commands/find.ts:75:12)
2024-04-26 14:35:35:905 [HTTP] <-- POST /session/6bdbf694-34f1-4d69-9cb5-b66538a92217/element 404 98 ms - 808
2024-04-26 14:35:35:905 [HTTP] 
2024-04-26 14:35:36:412 [HTTP] --> POST /session/6bdbf694-34f1-4d69-9cb5-b66538a92217/element
2024-04-26 14:35:36:412 [HTTP] {"using":"id","value":"com.ecw.emobile.dev:id/loginUsername"}
2024-04-26 14:35:36:412 [AndroidUiautomator2Driver@e2b9 (6bdbf694)] Calling AppiumDriver.findElement() with args: ["id","com.ecw.emobile.dev:id/loginUsername","6bdbf694-34f1-4d69-9cb5-b66538a92217"]
2024-04-26 14:35:36:412 [AndroidUiautomator2Driver@e2b9 (6bdbf694)] Valid locator strategies for this request: xpath, id, class name, accessibility id, css selector, -android uiautomator
2024-04-26 14:35:36:412 [AndroidUiautomator2Driver@e2b9 (6bdbf694)] Waiting up to 0 ms for condition
2024-04-26 14:35:36:413 [AndroidUiautomator2Driver@e2b9 (6bdbf694)] Matched '/element' to command name 'findElement'
2024-04-26 14:35:36:413 [AndroidUiautomator2Driver@e2b9 (6bdbf694)] Proxying [POST /element] to [POST http://127.0.0.1:10000/session/44562b43-a8eb-446a-b064-41029c87d385/element] with body: {"strategy":"id","selector":"com.ecw.emobile.dev:id/loginUsername","context":"","multiple":false}
2024-04-26 14:35:36:444 [AndroidUiautomator2Driver@e2b9 (6bdbf694)] Got response with status 404: {"sessionId":"44562b43-a8eb-446a-b064-41029c87d385","value":{"error":"no such element","message":"An element could not be located on the page using the given search parameters","stacktrace":"io.appium.uiautomator2.common.exceptions.ElementNotFoundException: An element could not be located on the page using the given search parameters\n\tat io.appium.uiautomator2.handler.FindElement.safeHandle(FindElement.java:63)\n\tat io.appium.uiautomator2.handler.request.SafeRequestHandler.handle(SafeRequestHandler.java:59)\n\tat io.appium.uiautomator2.server.AppiumServlet.handleRequest(AppiumServlet.java:277)\n\tat io.appium.uiautomator2.server.AppiumServlet.handleHttpRequest(AppiumServlet.java:271)\n\tat io.appium.uiautomator2.http.ServerHandler.channelRead(ServerHandler.java:77)\n\tat io.netty.channel.AbstractChannelHandlerContext.invokeChannelRead(AbstractChannelHandlerContext.java:366)\n\tat io.netty.channel.AbstractChannelHandlerContext.invokeChannelRead(AbstractChannelHandlerContext.java:352)\n\tat io.netty.chann...
2024-04-26 14:35:36:445 [W3C] Matched W3C error code 'no such element' to NoSuchElementError
2024-04-26 14:35:36:445 [AndroidUiautomator2Driver@e2b9 (6bdbf694)] Encountered internal error running command: NoSuchElementError: An element could not be located on the page using the given search parameters.
2024-04-26 14:35:36:445 [AndroidUiautomator2Driver@e2b9 (6bdbf694)]     at AndroidUiautomator2Driver.findElOrEls (/Users/mac/.appium/node_modules/appium-uiautomator2-driver/node_modules/appium-android-driver/lib/commands/find.ts:87:11)
2024-04-26 14:35:36:445 [AndroidUiautomator2Driver@e2b9 (6bdbf694)]     at processTicksAndRejections (node:internal/process/task_queues:95:5)
2024-04-26 14:35:36:445 [AndroidUiautomator2Driver@e2b9 (6bdbf694)]     at AndroidUiautomator2Driver.findElOrElsWithProcessing (/usr/local/lib/node_modules/appium/node_modules/@appium/base-driver/lib/basedriver/commands/find.ts:60:12)
2024-04-26 14:35:36:445 [AndroidUiautomator2Driver@e2b9 (6bdbf694)]     at AndroidUiautomator2Driver.findElement (/usr/local/lib/node_modules/appium/node_modules/@appium/base-driver/lib/basedriver/commands/find.ts:75:12)
2024-04-26 14:35:36:446 [HTTP] <-- POST /session/6bdbf694-34f1-4d69-9cb5-b66538a92217/element 404 34 ms - 808
2024-04-26 14:35:36:446 [HTTP] 
2024-04-26 14:35:36:954 [HTTP] --> GET /session/6bdbf694-34f1-4d69-9cb5-b66538a92217/context
2024-04-26 14:35:36:954 [HTTP] {}
2024-04-26 14:35:36:954 [AndroidUiautomator2Driver@e2b9 (6bdbf694)] Calling AppiumDriver.getCurrentContext() with args: ["6bdbf694-34f1-4d69-9cb5-b66538a92217"]
2024-04-26 14:35:36:955 [AndroidUiautomator2Driver@e2b9 (6bdbf694)] Responding to client with driver.getCurrentContext() result: "NATIVE_APP"
2024-04-26 14:35:36:955 [HTTP] <-- GET /session/6bdbf694-34f1-4d69-9cb5-b66538a92217/context 200 1 ms - 22
2024-04-26 14:35:36:955 [HTTP] 
2024-04-26 14:35:36:958 [HTTP] --> POST /session/6bdbf694-34f1-4d69-9cb5-b66538a92217/element
2024-04-26 14:35:36:958 [HTTP] {"using":"id","value":"com.ecw.emobile.dev:id/loginUsername"}
2024-04-26 14:35:36:958 [AndroidUiautomator2Driver@e2b9 (6bdbf694)] Calling AppiumDriver.findElement() with args: ["id","com.ecw.emobile.dev:id/loginUsername","6bdbf694-34f1-4d69-9cb5-b66538a92217"]
2024-04-26 14:35:36:958 [AndroidUiautomator2Driver@e2b9 (6bdbf694)] Valid locator strategies for this request: xpath, id, class name, accessibility id, css selector, -android uiautomator
2024-04-26 14:35:36:958 [AndroidUiautomator2Driver@e2b9 (6bdbf694)] Waiting up to 0 ms for condition
2024-04-26 14:35:36:959 [AndroidUiautomator2Driver@e2b9 (6bdbf694)] Matched '/element' to command name 'findElement'
2024-04-26 14:35:36:959 [AndroidUiautomator2Driver@e2b9 (6bdbf694)] Proxying [POST /element] to [POST http://127.0.0.1:10000/session/44562b43-a8eb-446a-b064-41029c87d385/element] with body: {"strategy":"id","selector":"com.ecw.emobile.dev:id/loginUsername","context":"","multiple":false}
2024-04-26 14:35:36:994 [AndroidUiautomator2Driver@e2b9 (6bdbf694)] Got response with status 404: {"sessionId":"44562b43-a8eb-446a-b064-41029c87d385","value":{"error":"no such element","message":"An element could not be located on the page using the given search parameters","stacktrace":"io.appium.uiautomator2.common.exceptions.ElementNotFoundException: An element could not be located on the page using the given search parameters\n\tat io.appium.uiautomator2.handler.FindElement.safeHandle(FindElement.java:63)\n\tat io.appium.uiautomator2.handler.request.SafeRequestHandler.handle(SafeRequestHandler.java:59)\n\tat io.appium.uiautomator2.server.AppiumServlet.handleRequest(AppiumServlet.java:277)\n\tat io.appium.uiautomator2.server.AppiumServlet.handleHttpRequest(AppiumServlet.java:271)\n\tat io.appium.uiautomator2.http.ServerHandler.channelRead(ServerHandler.java:77)\n\tat io.netty.channel.AbstractChannelHandlerContext.invokeChannelRead(AbstractChannelHandlerContext.java:366)\n\tat io.netty.channel.AbstractChannelHandlerContext.invokeChannelRead(AbstractChannelHandlerContext.java:352)\n\tat io.netty.chann...
2024-04-26 14:35:36:994 [W3C] Matched W3C error code 'no such element' to NoSuchElementError
2024-04-26 14:35:36:995 [AndroidUiautomator2Driver@e2b9 (6bdbf694)] Encountered internal error running command: NoSuchElementError: An element could not be located on the page using the given search parameters.
2024-04-26 14:35:36:995 [AndroidUiautomator2Driver@e2b9 (6bdbf694)]     at AndroidUiautomator2Driver.findElOrEls (/Users/mac/.appium/node_modules/appium-uiautomator2-driver/node_modules/appium-android-driver/lib/commands/find.ts:87:11)
2024-04-26 14:35:36:995 [AndroidUiautomator2Driver@e2b9 (6bdbf694)]     at processTicksAndRejections (node:internal/process/task_queues:95:5)
2024-04-26 14:35:36:995 [AndroidUiautomator2Driver@e2b9 (6bdbf694)]     at AndroidUiautomator2Driver.findElOrElsWithProcessing (/usr/local/lib/node_modules/appium/node_modules/@appium/base-driver/lib/basedriver/commands/find.ts:60:12)
2024-04-26 14:35:36:995 [AndroidUiautomator2Driver@e2b9 (6bdbf694)]     at AndroidUiautomator2Driver.findElement (/usr/local/lib/node_modules/appium/node_modules/@appium/base-driver/lib/basedriver/commands/find.ts:75:12)
2024-04-26 14:35:36:995 [HTTP] <-- POST /session/6bdbf694-34f1-4d69-9cb5-b66538a92217/element 404 37 ms - 808
2024-04-26 14:35:36:995 [HTTP] 
2024-04-26 14:35:37:502 [HTTP] --> POST /session/6bdbf694-34f1-4d69-9cb5-b66538a92217/element
2024-04-26 14:35:37:502 [HTTP] {"using":"id","value":"com.ecw.emobile.dev:id/loginUsername"}
2024-04-26 14:35:37:502 [AndroidUiautomator2Driver@e2b9 (6bdbf694)] Calling AppiumDriver.findElement() with args: ["id","com.ecw.emobile.dev:id/loginUsername","6bdbf694-34f1-4d69-9cb5-b66538a92217"]
2024-04-26 14:35:37:502 [AndroidUiautomator2Driver@e2b9 (6bdbf694)] Valid locator strategies for this request: xpath, id, class name, accessibility id, css selector, -android uiautomator
2024-04-26 14:35:37:502 [AndroidUiautomator2Driver@e2b9 (6bdbf694)] Waiting up to 0 ms for condition
2024-04-26 14:35:37:503 [AndroidUiautomator2Driver@e2b9 (6bdbf694)] Matched '/element' to command name 'findElement'
2024-04-26 14:35:37:503 [AndroidUiautomator2Driver@e2b9 (6bdbf694)] Proxying [POST /element] to [POST http://127.0.0.1:10000/session/44562b43-a8eb-446a-b064-41029c87d385/element] with body: {"strategy":"id","selector":"com.ecw.emobile.dev:id/loginUsername","context":"","multiple":false}
2024-04-26 14:35:37:506 [Appium] Received SIGINT - shutting down
2024-04-26 14:35:37:506 [AppiumDriver@034d] Cleaning up 1 active session
2024-04-26 14:35:37:507 [AppiumDriver@034d] Ending session, cause was 'The process has received SIGINT signal'
2024-04-26 14:35:37:507 [AppiumDriver@034d] Removing session '6bdbf694-34f1-4d69-9cb5-b66538a92217' from our master session list
2024-04-26 14:35:37:519 [AndroidUiautomator2Driver@e2b9 (6bdbf694)] Deleting UiAutomator2 session
2024-04-26 14:35:37:519 [AndroidUiautomator2Driver@e2b9 (6bdbf694)] Deleting UiAutomator2 server session
2024-04-26 14:35:37:519 [AndroidUiautomator2Driver@e2b9 (6bdbf694)] Matched '/' to command name 'deleteSession'
2024-04-26 14:35:37:519 [AndroidUiautomator2Driver@e2b9 (6bdbf694)] Proxying [DELETE /] to [DELETE http://127.0.0.1:10000/session/44562b43-a8eb-446a-b064-41029c87d385] with no body
2024-04-26 14:35:37:520 [AppiumDriver@034d] Encountered internal error running command: Error: The process has received SIGINT signal
2024-04-26 14:35:37:520 [AppiumDriver@034d]     at /usr/local/lib/node_modules/appium/lib/appium.js:549:49
2024-04-26 14:35:37:520 [AppiumDriver@034d]     at Array.map (<anonymous>)
2024-04-26 14:35:37:520 [AppiumDriver@034d]     at AppiumDriver.deleteAllSessions (/usr/local/lib/node_modules/appium/lib/appium.js:548:33)
2024-04-26 14:35:37:520 [AppiumDriver@034d]     at AppiumDriver.shutdown (/usr/local/lib/node_modules/appium/lib/appium.js:180:16)
2024-04-26 14:35:37:521 [AppiumDriver@034d]     at process.onSignal (/usr/local/lib/node_modules/appium/lib/main.js:441:28)
2024-04-26 14:35:37:521 [AppiumDriver@034d]     at Object.onceWrapper (node:events:629:26)
2024-04-26 14:35:37:521 [AppiumDriver@034d]     at process.emit (node:events:526:35)
2024-04-26 14:35:37:533 [HTTP] <-- POST /session/6bdbf694-34f1-4d69-9cb5-b66538a92217/element 500 31 ms - 692
2024-04-26 14:35:37:534 [HTTP] 
2024-04-26 14:35:37:536 [AndroidUiautomator2Driver@e2b9 (6bdbf694)] Got response with status 200: {"sessionId":"44562b43-a8eb-446a-b064-41029c87d385","value":null}
2024-04-26 14:35:37:537 [ADB] Running '/Users/mac/Library/Android/sdk/platform-tools/adb -P 5037 -s emulator-5554 shell dumpsys activity services io.appium.settings/.recorder.RecorderService'
2024-04-26 14:35:37:538 [Logcat] Logcat terminated with code null, signal SIGINT
2024-04-26 14:35:37:538 [Instrumentation] The process has exited with code null
2024-04-26 14:35:37:539 [ADB] Running '/Users/mac/Library/Android/sdk/platform-tools/adb -P 5037 -s emulator-5554 shell am force-stop com.ecw.emobile'
2024-04-26 14:35:37:541 [AndroidUiautomator2Driver@e2b9 (6bdbf694)] Got response with status 404: {"sessionId":"44562b43-a8eb-446a-b064-41029c87d385","value":{"error":"no such element","message":"An element could not be located on the page using the given search parameters","stacktrace":"io.appium.uiautomator2.common.exceptions.ElementNotFoundException: An element could not be located on the page using the given search parameters\n\tat io.appium.uiautomator2.handler.FindElement.safeHandle(FindElement.java:63)\n\tat io.appium.uiautomator2.handler.request.SafeRequestHandler.handle(SafeRequestHandler.java:59)\n\tat io.appium.uiautomator2.server.AppiumServlet.handleRequest(AppiumServlet.java:277)\n\tat io.appium.uiautomator2.server.AppiumServlet.handleHttpRequest(AppiumServlet.java:271)\n\tat io.appium.uiautomator2.http.ServerHandler.channelRead(ServerHandler.java:77)\n\tat io.netty.channel.AbstractChannelHandlerContext.invokeChannelRead(AbstractChannelHandlerContext.java:366)\n\tat io.netty.channel.AbstractChannelHandlerContext.invokeChannelRead(AbstractChannelHandlerContext.java:352)\n\tat io.netty.chann...
2024-04-26 14:35:37:541 [W3C] Matched W3C error code 'no such element' to NoSuchElementError
2024-04-26 14:35:37:784 [Logcat] Stopping logcat capture
2024-04-26 14:35:37:784 [Logcat] Logcat already stopped
2024-04-26 14:35:37:785 [ADB] Removing forwarded port socket connection: 10000 
2024-04-26 14:35:37:785 [ADB] Running '/Users/mac/Library/Android/sdk/platform-tools/adb -P 5037 -s emulator-5554 forward --remove tcp:10000'
2024-04-26 14:35:37:806 [AndroidUiautomator2Driver@e2b9 (6bdbf694)] Restoring hidden api policy to the device default configuration
2024-04-26 14:35:37:806 [ADB] Running '/Users/mac/Library/Android/sdk/platform-tools/adb -P 5037 -s emulator-5554 shell 'settings delete global hidden_api_policy_pre_p_apps;settings delete global hidden_api_policy_p_apps;settings delete global hidden_api_policy''
2024-04-26 14:35:38:090 [HTTP] Waiting until the server is closed
2024-04-26 14:35:38:091 [HTTP] Received server close event
2024-04-26 14:35:38:095 uncaughtException: write EPIPE
Error: write EPIPE
    at afterWriteDispatched (node:internal/stream_base_commons:160:15)
    at writeGeneric (node:internal/stream_base_commons:151:3)
    at Socket._writeGeneric (node:net:952:11)
    at Socket._write (node:net:964:8)
    at writeOrBuffer (node:internal/streams/writable:556:12)
    at _write (node:internal/streams/writable:490:10)
    at Socket.Writable.write (node:internal/streams/writable:494:10)
    at Console.log (/usr/local/lib/node_modules/appium/node_modules/winston/lib/winston/transports/console.js:79:23)
    at Console._write (/usr/local/lib/node_modules/appium/node_modules/winston-transport/index.js:103:17)
    at doWrite (/usr/local/lib/node_modules/appium/node_modules/readable-stream/lib/_stream_writable.js:390:139)
    at writeOrBuffer (/usr/local/lib/node_modules/appium/node_modules/readable-stream/lib/_stream_writable.js:381:5)
    at Console.Writable.write (/usr/local/lib/node_modules/appium/node_modules/readable-stream/lib/_stream_writable.js:302:11)
    at DerivedLogger.ondata (/usr/local/lib/node_modules/appium/node_modules/readable-stream/lib/_stream_readable.js:629:20)
    at DerivedLogger.emit (node:events:526:35)
    at addChunk (/usr/local/lib/node_modules/appium/node_modules/readable-stream/lib/_stream_readable.js:279:12)
    at readableAddChunk (/usr/local/lib/node_modules/appium/node_modules/readable-stream/lib/_stream_readable.js:262:11)
    at DerivedLogger.Readable.push (/usr/local/lib/node_modules/appium/node_modules/readable-stream/lib/_stream_readable.js:228:10)
    at DerivedLogger.Transform.push (/usr/local/lib/node_modules/appium/node_modules/readable-stream/lib/_stream_transform.js:132:32)
    at DerivedLogger._transform (/usr/local/lib/node_modules/appium/node_modules/winston/lib/winston/logger.js:313:12)
    at DerivedLogger.Transform._read (/usr/local/lib/node_modules/appium/node_modules/readable-stream/lib/_stream_transform.js:166:10)
    at DerivedLogger.Transform._write (/usr/local/lib/node_modules/appium/node_modules/readable-stream/lib/_stream_transform.js:155:83)
    at doWrite (/usr/local/lib/node_modules/appium/node_modules/readable-stream/lib/_stream_writable.js:390:139)
    at writeOrBuffer (/usr/local/lib/node_modules/appium/node_modules/readable-stream/lib/_stream_writable.js:381:5)
    at DerivedLogger.Writable.write (/usr/local/lib/node_modules/appium/node_modules/readable-stream/lib/_stream_writable.js:302:11)
    at DerivedLogger.<computed> [as info] (/usr/local/lib/node_modules/appium/node_modules/winston/lib/winston/create-logger.js:81:14)
    at EventEmitter.<anonymous> (/usr/local/lib/node_modules/appium/lib/logsink.js:220:22)
    at EventEmitter.emit (node:events:514:28)
    at EventEmitter.<anonymous> (/usr/local/lib/node_modules/appium/node_modules/npmlog/lib/log.js:247:8)
2024-04-26 14:35:38:096 uncaughtException: write EPIPE
Error: write EPIPE
    at afterWriteDispatched (node:internal/stream_base_commons:160:15)
    at writeGeneric (node:internal/stream_base_commons:151:3)
    at Socket._writeGeneric (node:net:952:11)
    at Socket._write (node:net:964:8)
    at writeOrBuffer (node:internal/streams/writable:556:12)
    at _write (node:internal/streams/writable:490:10)
    at Socket.Writable.write (node:internal/streams/writable:494:10)
    at Console.log (/usr/local/lib/node_modules/appium/node_modules/winston/lib/winston/transports/console.js:79:23)
    at Console._write (/usr/local/lib/node_modules/appium/node_modules/winston-transport/index.js:103:17)
    at doWrite (/usr/local/lib/node_modules/appium/node_modules/readable-stream/lib/_stream_writable.js:390:139)
    at writeOrBuffer (/usr/local/lib/node_modules/appium/node_modules/readable-stream/lib/_stream_writable.js:381:5)
    at Console.Writable.write (/usr/local/lib/node_modules/appium/node_modules/readable-stream/lib/_stream_writable.js:302:11)
    at DerivedLogger.ondata (/usr/local/lib/node_modules/appium/node_modules/readable-stream/lib/_stream_readable.js:629:20)
    at DerivedLogger.emit (node:events:526:35)
    at addChunk (/usr/local/lib/node_modules/appium/node_modules/readable-stream/lib/_stream_readable.js:279:12)
    at readableAddChunk (/usr/local/lib/node_modules/appium/node_modules/readable-stream/lib/_stream_readable.js:262:11)
    at DerivedLogger.Readable.push (/usr/local/lib/node_modules/appium/node_modules/readable-stream/lib/_stream_readable.js:228:10)
    at DerivedLogger.Transform.push (/usr/local/lib/node_modules/appium/node_modules/readable-stream/lib/_stream_transform.js:132:32)
    at DerivedLogger._transform (/usr/local/lib/node_modules/appium/node_modules/winston/lib/winston/logger.js:313:12)
    at DerivedLogger.Transform._read (/usr/local/lib/node_modules/appium/node_modules/readable-stream/lib/_stream_transform.js:166:10)
    at DerivedLogger.Transform._write (/usr/local/lib/node_modules/appium/node_modules/readable-stream/lib/_stream_transform.js:155:83)
    at doWrite (/usr/local/lib/node_modules/appium/node_modules/readable-stream/lib/_stream_writable.js:390:139)
    at writeOrBuffer (/usr/local/lib/node_modules/appium/node_modules/readable-stream/lib/_stream_writable.js:381:5)
    at DerivedLogger.Writable.write (/usr/local/lib/node_modules/appium/node_modules/readable-stream/lib/_stream_writable.js:302:11)
    at DerivedLogger.<computed> [as info] (/usr/local/lib/node_modules/appium/node_modules/winston/lib/winston/create-logger.js:81:14)
    at EventEmitter.<anonymous> (/usr/local/lib/node_modules/appium/lib/logsink.js:220:22)
    at EventEmitter.emit (node:events:514:28)
    at EventEmitter.<anonymous> (/usr/local/lib/node_modules/appium/node_modules/npmlog/lib/log.js:247:8)
2024-04-26 14:35:38:097 uncaughtException: write EPIPE
Error: write EPIPE
    at afterWriteDispatched (node:internal/stream_base_commons:160:15)
    at writeGeneric (node:internal/stream_base_commons:151:3)
    at Socket._writeGeneric (node:net:952:11)
    at Socket._write (node:net:964:8)
    at writeOrBuffer (node:internal/streams/writable:556:12)
    at _write (node:internal/streams/writable:490:10)
    at Socket.Writable.write (node:internal/streams/writable:494:10)
    at Console.log (/usr/local/lib/node_modules/appium/node_modules/winston/lib/winston/transports/console.js:51:25)
    at Console._write (/usr/local/lib/node_modules/appium/node_modules/winston-transport/index.js:103:17)
    at doWrite (/usr/local/lib/node_modules/appium/node_modules/readable-stream/lib/_stream_writable.js:390:139)
    at writeOrBuffer (/usr/local/lib/node_modules/appium/node_modules/readable-stream/lib/_stream_writable.js:381:5)
    at Console.Writable.write (/usr/local/lib/node_modules/appium/node_modules/readable-stream/lib/_stream_writable.js:302:11)
    at DerivedLogger.ondata (/usr/local/lib/node_modules/appium/node_modules/readable-stream/lib/_stream_readable.js:629:20)
    at DerivedLogger.emit (node:events:526:35)
    at addChunk (/usr/local/lib/node_modules/appium/node_modules/readable-stream/lib/_stream_readable.js:279:12)
    at readableAddChunk (/usr/local/lib/node_modules/appium/node_modules/readable-stream/lib/_stream_readable.js:262:11)
    at DerivedLogger.Readable.push (/usr/local/lib/node_modules/appium/node_modules/readable-stream/lib/_stream_readable.js:228:10)
    at DerivedLogger.Transform.push (/usr/local/lib/node_modules/appium/node_modules/readable-stream/lib/_stream_transform.js:132:32)
    at DerivedLogger._transform (/usr/local/lib/node_modules/appium/node_modules/winston/lib/winston/logger.js:313:12)
    at DerivedLogger.Transform._read (/usr/local/lib/node_modules/appium/node_modules/readable-stream/lib/_stream_transform.js:166:10)
    at DerivedLogger.Transform._write (/usr/local/lib/node_modules/appium/node_modules/readable-stream/lib/_stream_transform.js:155:83)
    at doWrite (/usr/local/lib/node_modules/appium/node_modules/readable-stream/lib/_stream_writable.js:390:139)
    at writeOrBuffer (/usr/local/lib/node_modules/appium/node_modules/readable-stream/lib/_stream_writable.js:381:5)
    at DerivedLogger.Writable.write (/usr/local/lib/node_modules/appium/node_modules/readable-stream/lib/_stream_writable.js:302:11)
    at DerivedLogger.log (/usr/local/lib/node_modules/appium/node_modules/winston/lib/winston/logger.js:216:12)
    at ExceptionHandler._uncaughtException (/usr/local/lib/node_modules/appium/node_modules/winston/lib/winston/exception-handler.js:220:17)
    at process.emit (node:events:514:28)
    at processEmit (/usr/local/lib/node_modules/appium/node_modules/lockfile/node_modules/signal-exit/index.js:199:34)
2024-04-26 14:35:38:098 uncaughtException: write EPIPE
Error: write EPIPE
    at afterWriteDispatched (node:internal/stream_base_commons:160:15)
    at writeGeneric (node:internal/stream_base_commons:151:3)
    at Socket._writeGeneric (node:net:952:11)
    at Socket._write (node:net:964:8)
    at writeOrBuffer (node:internal/streams/writable:556:12)
    at _write (node:internal/streams/writable:490:10)
    at Socket.Writable.write (node:internal/streams/writable:494:10)
    at Console.log (/usr/local/lib/node_modules/appium/node_modules/winston/lib/winston/transports/console.js:51:25)
    at Console._write (/usr/local/lib/node_modules/appium/node_modules/winston-transport/index.js:103:17)
    at doWrite (/usr/local/lib/node_modules/appium/node_modules/readable-stream/lib/_stream_writable.js:390:139)
    at writeOrBuffer (/usr/local/lib/node_modules/appium/node_modules/readable-stream/lib/_stream_writable.js:381:5)
    at Console.Writable.write (/usr/local/lib/node_modules/appium/node_modules/readable-stream/lib/_stream_writable.js:302:11)
    at DerivedLogger.ondata (/usr/local/lib/node_modules/appium/node_modules/readable-stream/lib/_stream_readable.js:629:20)
    at DerivedLogger.emit (node:events:526:35)
    at addChunk (/usr/local/lib/node_modules/appium/node_modules/readable-stream/lib/_stream_readable.js:279:12)
    at readableAddChunk (/usr/local/lib/node_modules/appium/node_modules/readable-stream/lib/_stream_readable.js:262:11)
    at DerivedLogger.Readable.push (/usr/local/lib/node_modules/appium/node_modules/readable-stream/lib/_stream_readable.js:228:10)
    at DerivedLogger.Transform.push (/usr/local/lib/node_modules/appium/node_modules/readable-stream/lib/_stream_transform.js:132:32)
    at DerivedLogger._transform (/usr/local/lib/node_modules/appium/node_modules/winston/lib/winston/logger.js:313:12)
    at DerivedLogger.Transform._read (/usr/local/lib/node_modules/appium/node_modules/readable-stream/lib/_stream_transform.js:166:10)
    at DerivedLogger.Transform._write (/usr/local/lib/node_modules/appium/node_modules/readable-stream/lib/_stream_transform.js:155:83)
    at doWrite (/usr/local/lib/node_modules/appium/node_modules/readable-stream/lib/_stream_writable.js:390:139)
    at writeOrBuffer (/usr/local/lib/node_modules/appium/node_modules/readable-stream/lib/_stream_writable.js:381:5)
    at DerivedLogger.Writable.write (/usr/local/lib/node_modules/appium/node_modules/readable-stream/lib/_stream_writable.js:302:11)
    at DerivedLogger.log (/usr/local/lib/node_modules/appium/node_modules/winston/lib/winston/logger.js:216:12)
    at ExceptionHandler._uncaughtException (/usr/local/lib/node_modules/appium/node_modules/winston/lib/winston/exception-handler.js:220:17)
    at process.emit (node:events:514:28)
    at processEmit (/usr/local/lib/node_modules/appium/node_modules/lockfile/node_modules/signal-exit/index.js:199:34)
2024-04-26 14:35:38:099 uncaughtException: write EPIPE
Error: write EPIPE
    at afterWriteDispatched (node:internal/stream_base_commons:160:15)
    at writeGeneric (node:internal/stream_base_commons:151:3)
    at Socket._writeGeneric (node:net:952:11)
    at Socket._write (node:net:964:8)
    at writeOrBuffer (node:internal/streams/writable:556:12)
    at _write (node:internal/streams/writable:490:10)
    at Socket.Writable.write (node:internal/streams/writable:494:10)
    at Console.log (/usr/local/lib/node_modules/appium/node_modules/winston/lib/winston/transports/console.js:51:25)
    at Console._write (/usr/local/lib/node_modules/appium/node_modules/winston-transport/index.js:103:17)
    at doWrite (/usr/local/lib/node_modules/appium/node_modules/readable-stream/lib/_stream_writable.js:390:139)
    at writeOrBuffer (/usr/local/lib/node_modules/appium/node_modules/readable-stream/lib/_stream_writable.js:381:5)
    at Console.Writable.write (/usr/local/lib/node_modules/appium/node_modules/readable-stream/lib/_stream_writable.js:302:11)
    at DerivedLogger.ondata (/usr/local/lib/node_modules/appium/node_modules/readable-stream/lib/_stream_readable.js:629:20)
    at DerivedLogger.emit (node:events:526:35)
    at addChunk (/usr/local/lib/node_modules/appium/node_modules/readable-stream/lib/_stream_readable.js:279:12)
    at readableAddChunk (/usr/local/lib/node_modules/appium/node_modules/readable-stream/lib/_stream_readable.js:262:11)
    at DerivedLogger.Readable.push (/usr/local/lib/node_modules/appium/node_modules/readable-stream/lib/_stream_readable.js:228:10)
    at DerivedLogger.Transform.push (/usr/local/lib/node_modules/appium/node_modules/readable-stream/lib/_stream_transform.js:132:32)
    at DerivedLogger._transform (/usr/local/lib/node_modules/appium/node_modules/winston/lib/winston/logger.js:313:12)
    at DerivedLogger.Transform._read (/usr/local/lib/node_modules/appium/node_modules/readable-stream/lib/_stream_transform.js:166:10)
    at DerivedLogger.Transform._write (/usr/local/lib/node_modules/appium/node_modules/readable-stream/lib/_stream_transform.js:155:83)
    at doWrite (/usr/local/lib/node_modules/appium/node_modules/readable-stream/lib/_stream_writable.js:390:139)
    at writeOrBuffer (/usr/local/lib/node_modules/appium/node_modules/readable-stream/lib/_stream_writable.js:381:5)
    at DerivedLogger.Writable.write (/usr/local/lib/node_modules/appium/node_modules/readable-stream/lib/_stream_writable.js:302:11)
    at DerivedLogger.log (/usr/local/lib/node_modules/appium/node_modules/winston/lib/winston/logger.js:216:12)
    at ExceptionHandler._uncaughtException (/usr/local/lib/node_modules/appium/node_modules/winston/lib/winston/exception-handler.js:220:17)
    at process.emit (node:events:514:28)
    at processEmit (/usr/local/lib/node_modules/appium/node_modules/lockfile/node_modules/signal-exit/index.js:199:34)
2024-04-26 14:35:38:101 uncaughtException: write EPIPE
Error: write EPIPE
    at afterWriteDispatched (node:internal/stream_base_commons:160:15)
    at writeGeneric (node:internal/stream_base_commons:151:3)
    at Socket._writeGeneric (node:net:952:11)
    at Socket._write (node:net:964:8)
    at writeOrBuffer (node:internal/streams/writable:556:12)
    at _write (node:internal/streams/writable:490:10)
    at Socket.Writable.write (node:internal/streams/writable:494:10)
    at Console.log (/usr/local/lib/node_modules/appium/node_modules/winston/lib/winston/transports/console.js:51:25)
    at Console._write (/usr/local/lib/node_modules/appium/node_modules/winston-transport/index.js:103:17)
    at doWrite (/usr/local/lib/node_modules/appium/node_modules/readable-stream/lib/_stream_writable.js:390:139)
    at writeOrBuffer (/usr/local/lib/node_modules/appium/node_modules/readable-stream/lib/_stream_writable.js:381:5)
    at Console.Writable.write (/usr/local/lib/node_modules/appium/node_modules/readable-stream/lib/_stream_writable.js:302:11)
    at DerivedLogger.ondata (/usr/local/lib/node_modules/appium/node_modules/readable-stream/lib/_stream_readable.js:629:20)
    at DerivedLogger.emit (node:events:526:35)
    at addChunk (/usr/local/lib/node_modules/appium/node_modules/readable-stream/lib/_stream_readable.js:279:12)
    at readableAddChunk (/usr/local/lib/node_modules/appium/node_modules/readable-stream/lib/_stream_readable.js:262:11)
    at DerivedLogger.Readable.push (/usr/local/lib/node_modules/appium/node_modules/readable-stream/lib/_stream_readable.js:228:10)
    at DerivedLogger.Transform.push (/usr/local/lib/node_modules/appium/node_modules/readable-stream/lib/_stream_transform.js:132:32)
    at DerivedLogger._transform (/usr/local/lib/node_modules/appium/node_modules/winston/lib/winston/logger.js:313:12)
    at DerivedLogger.Transform._read (/usr/local/lib/node_modules/appium/node_modules/readable-stream/lib/_stream_transform.js:166:10)
    at DerivedLogger.Transform._write (/usr/local/lib/node_modules/appium/node_modules/readable-stream/lib/_stream_transform.js:155:83)
    at doWrite (/usr/local/lib/node_modules/appium/node_modules/readable-stream/lib/_stream_writable.js:390:139)
    at writeOrBuffer (/usr/local/lib/node_modules/appium/node_modules/readable-stream/lib/_stream_writable.js:381:5)
    at DerivedLogger.Writable.write (/usr/local/lib/node_modules/appium/node_modules/readable-stream/lib/_stream_writable.js:302:11)
    at DerivedLogger.log (/usr/local/lib/node_modules/appium/node_modules/winston/lib/winston/logger.js:216:12)
    at ExceptionHandler._uncaughtException (/usr/local/lib/node_modules/appium/node_modules/winston/lib/winston/exception-handler.js:220:17)
    at process.emit (node:events:514:28)
    at processEmit (/usr/local/lib/node_modules/appium/node_modules/lockfile/node_modules/signal-exit/index.js:199:34)
2024-04-26 14:35:38:103 uncaughtException: write EPIPE
Error: write EPIPE
    at afterWriteDispatched (node:internal/stream_base_commons:160:15)
    at writeGeneric (node:internal/stream_base_commons:151:3)
    at Socket._writeGeneric (node:net:952:11)
    at Socket._write (node:net:964:8)
    at writeOrBuffer (node:internal/streams/writable:556:12)
    at _write (node:internal/streams/writable:490:10)
    at Socket.Writable.write (node:internal/streams/writable:494:10)
    at Console.log (/usr/local/lib/node_modules/appium/node_modules/winston/lib/winston/transports/console.js:51:25)
    at Console._write (/usr/local/lib/node_modules/appium/node_modules/winston-transport/index.js:103:17)
    at doWrite (/usr/local/lib/node_modules/appium/node_modules/readable-stream/lib/_stream_writable.js:390:139)
    at writeOrBuffer (/usr/local/lib/node_modules/appium/node_modules/readable-stream/lib/_stream_writable.js:381:5)
    at Console.Writable.write (/usr/local/lib/node_modules/appium/node_modules/readable-stream/lib/_stream_writable.js:302:11)
    at DerivedLogger.ondata (/usr/local/lib/node_modules/appium/node_modules/readable-stream/lib/_stream_readable.js:629:20)
    at DerivedLogger.emit (node:events:526:35)
    at addChunk (/usr/local/lib/node_modules/appium/node_modules/readable-stream/lib/_stream_readable.js:279:12)
    at readableAddChunk (/usr/local/lib/node_modules/appium/node_modules/readable-stream/lib/_stream_readable.js:262:11)
    at DerivedLogger.Readable.push (/usr/local/lib/node_modules/appium/node_modules/readable-stream/lib/_stream_readable.js:228:10)
    at DerivedLogger.Transform.push (/usr/local/lib/node_modules/appium/node_modules/readable-stream/lib/_stream_transform.js:132:32)
    at DerivedLogger._transform (/usr/local/lib/node_modules/appium/node_modules/winston/lib/winston/logger.js:313:12)
    at DerivedLogger.Transform._read (/usr/local/lib/node_modules/appium/node_modules/readable-stream/lib/_stream_transform.js:166:10)
    at DerivedLogger.Transform._write (/usr/local/lib/node_modules/appium/node_modules/readable-stream/lib/_stream_transform.js:155:83)
    at doWrite (/usr/local/lib/node_modules/appium/node_modules/readable-stream/lib/_stream_writable.js:390:139)
    at writeOrBuffer (/usr/local/lib/node_modules/appium/node_modules/readable-stream/lib/_stream_writable.js:381:5)
    at DerivedLogger.Writable.write (/usr/local/lib/node_modules/appium/node_modules/readable-stream/lib/_stream_writable.js:302:11)
    at DerivedLogger.log (/usr/local/lib/node_modules/appium/node_modules/winston/lib/winston/logger.js:216:12)
    at ExceptionHandler._uncaughtException (/usr/local/lib/node_modules/appium/node_modules/winston/lib/winston/exception-handler.js:220:17)
    at process.emit (node:events:514:28)
    at processEmit (/usr/local/lib/node_modules/appium/node_modules/lockfile/node_modules/signal-exit/index.js:199:34)
2024-04-26 14:35:38:105 uncaughtException: write EPIPE
Error: write EPIPE
    at afterWriteDispatched (node:internal/stream_base_commons:160:15)
    at writeGeneric (node:internal/stream_base_commons:151:3)
    at Socket._writeGeneric (node:net:952:11)
    at Socket._write (node:net:964:8)
    at writeOrBuffer (node:internal/streams/writable:556:12)
    at _write (node:internal/streams/writable:490:10)
    at Socket.Writable.write (node:internal/streams/writable:494:10)
    at Console.log (/usr/local/lib/node_modules/appium/node_modules/winston/lib/winston/transports/console.js:51:25)
    at Console._write (/usr/local/lib/node_modules/appium/node_modules/winston-transport/index.js:103:17)
    at doWrite (/usr/local/lib/node_modules/appium/node_modules/readable-stream/lib/_stream_writable.js:390:139)
    at writeOrBuffer (/usr/local/lib/node_modules/appium/node_modules/readable-stream/lib/_stream_writable.js:381:5)
    at Console.Writable.write (/usr/local/lib/node_modules/appium/node_modules/readable-stream/lib/_stream_writable.js:302:11)
    at DerivedLogger.ondata (/usr/local/lib/node_modules/appium/node_modules/readable-stream/lib/_stream_readable.js:629:20)
    at DerivedLogger.emit (node:events:526:35)
    at addChunk (/usr/local/lib/node_modules/appium/node_modules/readable-stream/lib/_stream_readable.js:279:12)
    at readableAddChunk (/usr/local/lib/node_modules/appium/node_modules/readable-stream/lib/_stream_readable.js:262:11)
    at DerivedLogger.Readable.push (/usr/local/lib/node_modules/appium/node_modules/readable-stream/lib/_stream_readable.js:228:10)
    at DerivedLogger.Transform.push (/usr/local/lib/node_modules/appium/node_modules/readable-stream/lib/_stream_transform.js:132:32)
    at DerivedLogger._transform (/usr/local/lib/node_modules/appium/node_modules/winston/lib/winston/logger.js:313:12)
    at DerivedLogger.Transform._read (/usr/local/lib/node_modules/appium/node_modules/readable-stream/lib/_stream_transform.js:166:10)
    at DerivedLogger.Transform._write (/usr/local/lib/node_modules/appium/node_modules/readable-stream/lib/_stream_transform.js:155:83)
    at doWrite (/usr/local/lib/node_modules/appium/node_modules/readable-stream/lib/_stream_writable.js:390:139)
    at writeOrBuffer (/usr/local/lib/node_modules/appium/node_modules/readable-stream/lib/_stream_writable.js:381:5)
    at DerivedLogger.Writable.write (/usr/local/lib/node_modules/appium/node_modules/readable-stream/lib/_stream_writable.js:302:11)
    at DerivedLogger.log (/usr/local/lib/node_modules/appium/node_modules/winston/lib/winston/logger.js:216:12)
    at ExceptionHandler._uncaughtException (/usr/local/lib/node_modules/appium/node_modules/winston/lib/winston/exception-handler.js:220:17)
    at process.emit (node:events:514:28)
    at processEmit (/usr/local/lib/node_modules/appium/node_modules/lockfile/node_modules/signal-exit/index.js:199:34)
2024-04-26 14:35:38:107 uncaughtException: write EPIPE
Error: write EPIPE
    at afterWriteDispatched (node:internal/stream_base_commons:160:15)
    at writeGeneric (node:internal/stream_base_commons:151:3)
    at Socket._writeGeneric (node:net:952:11)
    at Socket._write (node:net:964:8)
    at writeOrBuffer (node:internal/streams/writable:556:12)
    at _write (node:internal/streams/writable:490:10)
    at Socket.Writable.write (node:internal/streams/writable:494:10)
    at Console.log (/usr/local/lib/node_modules/appium/node_modules/winston/lib/winston/transports/console.js:51:25)
    at Console._write (/usr/local/lib/node_modules/appium/node_modules/winston-transport/index.js:103:17)
    at doWrite (/usr/local/lib/node_modules/appium/node_modules/readable-stream/lib/_stream_writable.js:390:139)
    at writeOrBuffer (/usr/local/lib/node_modules/appium/node_modules/readable-stream/lib/_stream_writable.js:381:5)
    at Console.Writable.write (/usr/local/lib/node_modules/appium/node_modules/readable-stream/lib/_stream_writable.js:302:11)
    at DerivedLogger.ondata (/usr/local/lib/node_modules/appium/node_modules/readable-stream/lib/_stream_readable.js:629:20)
    at DerivedLogger.emit (node:events:526:35)
    at addChunk (/usr/local/lib/node_modules/appium/node_modules/readable-stream/lib/_stream_readable.js:279:12)
    at readableAddChunk (/usr/local/lib/node_modules/appium/node_modules/readable-stream/lib/_stream_readable.js:262:11)
    at DerivedLogger.Readable.push (/usr/local/lib/node_modules/appium/node_modules/readable-stream/lib/_stream_readable.js:228:10)
    at DerivedLogger.Transform.push (/usr/local/lib/node_modules/appium/node_modules/readable-stream/lib/_stream_transform.js:132:32)
    at DerivedLogger._transform (/usr/local/lib/node_modules/appium/node_modules/winston/lib/winston/logger.js:313:12)
    at DerivedLogger.Transform._read (/usr/local/lib/node_modules/appium/node_modules/readable-stream/lib/_stream_transform.js:166:10)
    at DerivedLogger.Transform._write (/usr/local/lib/node_modules/appium/node_modules/readable-stream/lib/_stream_transform.js:155:83)
    at doWrite (/usr/local/lib/node_modules/appium/node_modules/readable-stream/lib/_stream_writable.js:390:139)
    at writeOrBuffer (/usr/local/lib/node_modules/appium/node_modules/readable-stream/lib/_stream_writable.js:381:5)
    at DerivedLogger.Writable.write (/usr/local/lib/node_modules/appium/node_modules/readable-stream/lib/_stream_writable.js:302:11)
    at DerivedLogger.log (/usr/local/lib/node_modules/appium/node_modules/winston/lib/winston/logger.js:216:12)
    at ExceptionHandler._uncaughtException (/usr/local/lib/node_modules/appium/node_modules/winston/lib/winston/exception-handler.js:220:17)
    at process.emit (node:events:514:28)
    at processEmit (/usr/local/lib/node_modules/appium/node_modules/lockfile/node_modules/signal-exit/index.js:199:34)
